#
# There is insufficient memory for the Java Runtime Environment to continue.
# Native memory allocation (malloc) failed to allocate 748368 bytes for Chunk::new
# Possible reasons:
#   The system is out of physical RAM or swap space
#   The process is running with CompressedOops enabled, and the Java Heap may be blocking the growth of the native heap
# Possible solutions:
#   Reduce memory load on the system
#   Increase physical memory or swap space
#   Check if swap backing store is full
#   Decrease Java heap size (-Xmx/-Xms)
#   Decrease number of Java threads
#   Decrease Java thread stack sizes (-Xss)
#   Set larger code cache with -XX:ReservedCodeCacheSize=
#   JVM is running with Unscaled Compressed Oops mode in which the Java heap is
#     placed in the first 4GB address space. The Java Heap base address is the
#     maximum limit for the native heap growth. Please use -XX:HeapBaseMinAddress
#     to set the Java Heap base and to place the Java Heap above 4GB virtual address.
# This output file may be truncated or incomplete.
#
#  Out of Memory Error (arena.cpp:184), pid=32536, tid=20168
#
# JRE version: Java(TM) SE Runtime Environment (18.0.2.1+1) (build 18.0.2.1+1-1)
# Java VM: Java HotSpot(TM) 64-Bit Server VM (18.0.2.1+1-1, mixed mode, sharing, tiered, compressed oops, compressed class ptrs, g1 gc, windows-amd64)
# No core dump will be written. Minidumps are not enabled by default on client versions of Windows
#

---------------  S U M M A R Y ------------

Command Line: -Dmaven.multiModuleProjectDirectory=C:\Users\paras\Desktop\ATL3\miniProjets\atlg3_60085\TuringMachine -Dmaven.home=C:\Program Files\JetBrains\IntelliJ IDEA Community Edition 2022.2.2\plugins\maven\lib\maven3 -Dclassworlds.conf=C:\Program Files\JetBrains\IntelliJ IDEA Community Edition 2022.2.2\plugins\maven\lib\maven3\bin\m2.conf -Dmaven.ext.class.path=C:\Program Files\JetBrains\IntelliJ IDEA Community Edition 2022.2.2\plugins\maven\lib\maven-event-listener.jar -javaagent:C:\Program Files\JetBrains\IntelliJ IDEA Community Edition 2022.2.2\lib\idea_rt.jar=63422:C:\Program Files\JetBrains\IntelliJ IDEA Community Edition 2022.2.2\bin -Dfile.encoding=UTF-8 -Dsun.stdout.encoding=UTF-8 -Dsun.stderr.encoding=UTF-8 org.codehaus.classworlds.Launcher -Didea.version=2022.2.2 org.openjfx:javafx-maven-plugin:0.0.8:run

Host: 11th Gen Intel(R) Core(TM) i7-1165G7 @ 2.80GHz, 8 cores, 7G,  Windows 11 , 64 bit Build 22621 (10.0.22621.2506)
Time: Tue Dec 12 23:01:02 2023 Paris, Madrid elapsed time: 1.886726 seconds (0d 0h 0m 1s)

---------------  T H R E A D  ---------------

Current thread (0x000001bbffec25a0):  JavaThread "C2 CompilerThread0" daemon [_thread_in_native, id=20168, stack(0x0000003ed1800000,0x0000003ed1900000)]


Current CompileTask:
C2:   1886 2459       4       org.codehaus.plexus.util.xml.pull.MXParser::parseStartTag (1195 bytes)

Stack: [0x0000003ed1800000,0x0000003ed1900000]
Native frames: (J=compiled Java code, j=interpreted, Vv=VM code, C=native code)
V  [jvm.dll+0x6993aa]
V  [jvm.dll+0x7f46dd]
V  [jvm.dll+0x7f5fee]
V  [jvm.dll+0x7f66a3]
V  [jvm.dll+0x25cf1f]
V  [jvm.dll+0xb8c2f]
V  [jvm.dll+0xb8fa5]
V  [jvm.dll+0x3860cb]
V  [jvm.dll+0x34fe71]
V  [jvm.dll+0x34f30a]
V  [jvm.dll+0x230101]
V  [jvm.dll+0x22f4d1]
V  [jvm.dll+0x1ba01c]
V  [jvm.dll+0x23ee0a]
V  [jvm.dll+0x23d0f5]
V  [jvm.dll+0x7a6dd1]
V  [jvm.dll+0x7a120a]
V  [jvm.dll+0x698255]
C  [ucrtbase.dll+0x29363]
C  [KERNEL32.DLL+0x1257d]
C  [ntdll.dll+0x5aa58]


---------------  P R O C E S S  ---------------

Threads class SMR info:
_java_thread_list=0x000001bb9323b030, length=13, elements={
0x000001bbeef9d2e0, 0x000001bbffe9e5b0, 0x000001bbffe9ef50, 0x000001bbffebaf00,
0x000001bbffebb7b0, 0x000001bbffebe160, 0x000001bbffebeb00, 0x000001bbffec25a0,
0x000001bbffececa0, 0x000001bbffed9e10, 0x000001bb931a9070, 0x000001bb93299480,
0x000001bb93299940
}

Java Threads: ( => current thread )
  0x000001bbeef9d2e0 JavaThread "main" [_thread_in_native, id=26148, stack(0x0000003ed0b00000,0x0000003ed0c00000)]
  0x000001bbffe9e5b0 JavaThread "Reference Handler" daemon [_thread_blocked, id=2992, stack(0x0000003ed1200000,0x0000003ed1300000)]
  0x000001bbffe9ef50 JavaThread "Finalizer" daemon [_thread_blocked, id=29668, stack(0x0000003ed1300000,0x0000003ed1400000)]
  0x000001bbffebaf00 JavaThread "Signal Dispatcher" daemon [_thread_blocked, id=21208, stack(0x0000003ed1400000,0x0000003ed1500000)]
  0x000001bbffebb7b0 JavaThread "Attach Listener" daemon [_thread_blocked, id=37452, stack(0x0000003ed1500000,0x0000003ed1600000)]
  0x000001bbffebe160 JavaThread "Service Thread" daemon [_thread_blocked, id=24036, stack(0x0000003ed1600000,0x0000003ed1700000)]
  0x000001bbffebeb00 JavaThread "Monitor Deflation Thread" daemon [_thread_blocked, id=33008, stack(0x0000003ed1700000,0x0000003ed1800000)]
=>0x000001bbffec25a0 JavaThread "C2 CompilerThread0" daemon [_thread_in_native, id=20168, stack(0x0000003ed1800000,0x0000003ed1900000)]
  0x000001bbffececa0 JavaThread "C1 CompilerThread0" daemon [_thread_blocked, id=30284, stack(0x0000003ed1900000,0x0000003ed1a00000)]
  0x000001bbffed9e10 JavaThread "Sweeper thread" daemon [_thread_blocked, id=21372, stack(0x0000003ed1a00000,0x0000003ed1b00000)]
  0x000001bb931a9070 JavaThread "Common-Cleaner" daemon [_thread_blocked, id=36260, stack(0x0000003ed1b00000,0x0000003ed1c00000)]
  0x000001bb93299480 JavaThread "Monitor Ctrl-Break" daemon [_thread_in_native, id=28576, stack(0x0000003ed1c00000,0x0000003ed1d00000)]
  0x000001bb93299940 JavaThread "Notification Thread" daemon [_thread_blocked, id=17580, stack(0x0000003ed1d00000,0x0000003ed1e00000)]

Other Threads:
  0x000001bbffe99d40 VMThread "VM Thread" [stack: 0x0000003ed1100000,0x0000003ed1200000] [id=396]
  0x000001bb93242b40 WatcherThread "VM Periodic Task Thread" [stack: 0x0000003ed1e00000,0x0000003ed1f00000] [id=31224]
  0x000001bbeeffb9d0 WorkerThread "GC Thread#0" [stack: 0x0000003ed0c00000,0x0000003ed0d00000] [id=35492]
  0x000001bbffea18d0 WorkerThread "GC Thread#1" [stack: 0x0000003ed1f00000,0x0000003ed2000000] [id=20088]
  0x000001bbffea2350 WorkerThread "GC Thread#2" [stack: 0x0000003ed2000000,0x0000003ed2100000] [id=6104]
  0x000001bbffea0e50 WorkerThread "GC Thread#3" [stack: 0x0000003ed2100000,0x0000003ed2200000] [id=38152]
  0x000001bbffea25f0 WorkerThread "GC Thread#4" [stack: 0x0000003ed2200000,0x0000003ed2300000] [id=21180]
  0x000001bbffea10f0 WorkerThread "GC Thread#5" [stack: 0x0000003ed2300000,0x0000003ed2400000] [id=34876]
  0x000001bbffea1390 WorkerThread "GC Thread#6" [stack: 0x0000003ed2400000,0x0000003ed2500000] [id=34444]
  0x000001bbffea1630 WorkerThread "GC Thread#7" [stack: 0x0000003ed2500000,0x0000003ed2600000] [id=312]
  0x000001bbef00bf10 ConcurrentGCThread "G1 Main Marker" [stack: 0x0000003ed0d00000,0x0000003ed0e00000] [id=15276]
  0x000001bbef00d0a0 WorkerThread "G1 Conc#0" [stack: 0x0000003ed0e00000,0x0000003ed0f00000] [id=26680]
  0x000001bbef05c4a0 ConcurrentGCThread "G1 Refine#0" [stack: 0x0000003ed0f00000,0x0000003ed1000000] [id=8448]
  0x000001bbef05ddc0 ConcurrentGCThread "G1 Service" [stack: 0x0000003ed1000000,0x0000003ed1100000] [id=5880]

Threads with active compile tasks:
C2 CompilerThread0     1913 2459       4       org.codehaus.plexus.util.xml.pull.MXParser::parseStartTag (1195 bytes)
C1 CompilerThread0     1913 2588       3       java.nio.Buffer::limit (65 bytes)

VM state: not at safepoint (normal execution)

VM Mutex/Monitor currently owned by a thread: None

Heap address: 0x0000000085000000, size: 1968 MB, Compressed Oops mode: 32-bit

CDS archive(s) mapped at: [0x0000000800000000-0x0000000800ba0000-0x0000000800ba0000), size 12189696, SharedBaseAddress: 0x0000000800000000, ArchiveRelocationMode: 0.
Compressed class space mapped at: 0x0000000800c00000-0x0000000840c00000, reserved size: 1073741824
Narrow klass base: 0x0000000800000000, Narrow klass shift: 0, Narrow klass range: 0x100000000

GC Precious Log:
 CardTable entry size: 512
 Card Set container configuration: InlinePtr #cards 5 size 8 Array Of Cards #cards 12 size 40 Howl #buckets 4 coarsen threshold 1843 Howl Bitmap #cards 512 size 80 coarsen threshold 460 Card regions per heap region 1 cards per card region 2048
 CPUs: 8 total, 8 available
 Memory: 7871M
 Large Page Support: Disabled
 NUMA Support: Disabled
 Compressed Oops: Enabled (32-bit)
 Heap Region Size: 1M
 Heap Min Capacity: 8M
 Heap Initial Capacity: 124M
 Heap Max Capacity: 1968M
 Pre-touch: Disabled
 Parallel Workers: 8
 Concurrent Workers: 2
 Concurrent Refinement Workers: 8
 Periodic GC: Disabled

Heap:
 garbage-first heap   total 126976K, used 23293K [0x0000000085000000, 0x0000000100000000)
  region size 1024K, 20 young (20480K), 2 survivors (2048K)
 Metaspace       used 13298K, committed 13568K, reserved 1114112K
  class space    used 1518K, committed 1664K, reserved 1048576K

Heap Regions: E=young(eden), S=young(survivor), O=old, HS=humongous(starts), HC=humongous(continues), CS=collection set, F=free, OA=open archive, CA=closed archive, TAMS=top-at-mark-start (previous, next)
|   0|0x0000000085000000, 0x0000000085100000, 0x0000000085100000|100%| O|  |TAMS 0x0000000085000000, 0x0000000085000000| Untracked 
|   1|0x0000000085100000, 0x0000000085200000, 0x0000000085200000|100%| O|  |TAMS 0x0000000085100000, 0x0000000085100000| Untracked 
|   2|0x0000000085200000, 0x0000000085300000, 0x0000000085300000|100%| O|  |TAMS 0x0000000085200000, 0x0000000085200000| Untracked 
|   3|0x0000000085300000, 0x00000000853c5800, 0x0000000085400000| 77%| O|  |TAMS 0x0000000085300000, 0x0000000085300000| Untracked 
|   4|0x0000000085400000, 0x0000000085400000, 0x0000000085500000|  0%| F|  |TAMS 0x0000000085400000, 0x0000000085400000| Untracked 
|   5|0x0000000085500000, 0x0000000085500000, 0x0000000085600000|  0%| F|  |TAMS 0x0000000085500000, 0x0000000085500000| Untracked 
|   6|0x0000000085600000, 0x0000000085600000, 0x0000000085700000|  0%| F|  |TAMS 0x0000000085600000, 0x0000000085600000| Untracked 
|   7|0x0000000085700000, 0x0000000085700000, 0x0000000085800000|  0%| F|  |TAMS 0x0000000085700000, 0x0000000085700000| Untracked 
|   8|0x0000000085800000, 0x0000000085800000, 0x0000000085900000|  0%| F|  |TAMS 0x0000000085800000, 0x0000000085800000| Untracked 
|   9|0x0000000085900000, 0x0000000085900000, 0x0000000085a00000|  0%| F|  |TAMS 0x0000000085900000, 0x0000000085900000| Untracked 
|  10|0x0000000085a00000, 0x0000000085a00000, 0x0000000085b00000|  0%| F|  |TAMS 0x0000000085a00000, 0x0000000085a00000| Untracked 
|  11|0x0000000085b00000, 0x0000000085b00000, 0x0000000085c00000|  0%| F|  |TAMS 0x0000000085b00000, 0x0000000085b00000| Untracked 
|  12|0x0000000085c00000, 0x0000000085c00000, 0x0000000085d00000|  0%| F|  |TAMS 0x0000000085c00000, 0x0000000085c00000| Untracked 
|  13|0x0000000085d00000, 0x0000000085d00000, 0x0000000085e00000|  0%| F|  |TAMS 0x0000000085d00000, 0x0000000085d00000| Untracked 
|  14|0x0000000085e00000, 0x0000000085e00000, 0x0000000085f00000|  0%| F|  |TAMS 0x0000000085e00000, 0x0000000085e00000| Untracked 
|  15|0x0000000085f00000, 0x0000000085f00000, 0x0000000086000000|  0%| F|  |TAMS 0x0000000085f00000, 0x0000000085f00000| Untracked 
|  16|0x0000000086000000, 0x0000000086000000, 0x0000000086100000|  0%| F|  |TAMS 0x0000000086000000, 0x0000000086000000| Untracked 
|  17|0x0000000086100000, 0x0000000086100000, 0x0000000086200000|  0%| F|  |TAMS 0x0000000086100000, 0x0000000086100000| Untracked 
|  18|0x0000000086200000, 0x0000000086200000, 0x0000000086300000|  0%| F|  |TAMS 0x0000000086200000, 0x0000000086200000| Untracked 
|  19|0x0000000086300000, 0x0000000086300000, 0x0000000086400000|  0%| F|  |TAMS 0x0000000086300000, 0x0000000086300000| Untracked 
|  20|0x0000000086400000, 0x0000000086400000, 0x0000000086500000|  0%| F|  |TAMS 0x0000000086400000, 0x0000000086400000| Untracked 
|  21|0x0000000086500000, 0x0000000086500000, 0x0000000086600000|  0%| F|  |TAMS 0x0000000086500000, 0x0000000086500000| Untracked 
|  22|0x0000000086600000, 0x0000000086600000, 0x0000000086700000|  0%| F|  |TAMS 0x0000000086600000, 0x0000000086600000| Untracked 
|  23|0x0000000086700000, 0x0000000086700000, 0x0000000086800000|  0%| F|  |TAMS 0x0000000086700000, 0x0000000086700000| Untracked 
|  24|0x0000000086800000, 0x0000000086800000, 0x0000000086900000|  0%| F|  |TAMS 0x0000000086800000, 0x0000000086800000| Untracked 
|  25|0x0000000086900000, 0x0000000086900000, 0x0000000086a00000|  0%| F|  |TAMS 0x0000000086900000, 0x0000000086900000| Untracked 
|  26|0x0000000086a00000, 0x0000000086a00000, 0x0000000086b00000|  0%| F|  |TAMS 0x0000000086a00000, 0x0000000086a00000| Untracked 
|  27|0x0000000086b00000, 0x0000000086b00000, 0x0000000086c00000|  0%| F|  |TAMS 0x0000000086b00000, 0x0000000086b00000| Untracked 
|  28|0x0000000086c00000, 0x0000000086c00000, 0x0000000086d00000|  0%| F|  |TAMS 0x0000000086c00000, 0x0000000086c00000| Untracked 
|  29|0x0000000086d00000, 0x0000000086d00000, 0x0000000086e00000|  0%| F|  |TAMS 0x0000000086d00000, 0x0000000086d00000| Untracked 
|  30|0x0000000086e00000, 0x0000000086e00000, 0x0000000086f00000|  0%| F|  |TAMS 0x0000000086e00000, 0x0000000086e00000| Untracked 
|  31|0x0000000086f00000, 0x0000000086f00000, 0x0000000087000000|  0%| F|  |TAMS 0x0000000086f00000, 0x0000000086f00000| Untracked 
|  32|0x0000000087000000, 0x0000000087000000, 0x0000000087100000|  0%| F|  |TAMS 0x0000000087000000, 0x0000000087000000| Untracked 
|  33|0x0000000087100000, 0x0000000087100000, 0x0000000087200000|  0%| F|  |TAMS 0x0000000087100000, 0x0000000087100000| Untracked 
|  34|0x0000000087200000, 0x0000000087200000, 0x0000000087300000|  0%| F|  |TAMS 0x0000000087200000, 0x0000000087200000| Untracked 
|  35|0x0000000087300000, 0x0000000087300000, 0x0000000087400000|  0%| F|  |TAMS 0x0000000087300000, 0x0000000087300000| Untracked 
|  36|0x0000000087400000, 0x0000000087400000, 0x0000000087500000|  0%| F|  |TAMS 0x0000000087400000, 0x0000000087400000| Untracked 
|  37|0x0000000087500000, 0x0000000087500000, 0x0000000087600000|  0%| F|  |TAMS 0x0000000087500000, 0x0000000087500000| Untracked 
|  38|0x0000000087600000, 0x0000000087600000, 0x0000000087700000|  0%| F|  |TAMS 0x0000000087600000, 0x0000000087600000| Untracked 
|  39|0x0000000087700000, 0x0000000087700000, 0x0000000087800000|  0%| F|  |TAMS 0x0000000087700000, 0x0000000087700000| Untracked 
|  40|0x0000000087800000, 0x0000000087800000, 0x0000000087900000|  0%| F|  |TAMS 0x0000000087800000, 0x0000000087800000| Untracked 
|  41|0x0000000087900000, 0x0000000087900000, 0x0000000087a00000|  0%| F|  |TAMS 0x0000000087900000, 0x0000000087900000| Untracked 
|  42|0x0000000087a00000, 0x0000000087a00000, 0x0000000087b00000|  0%| F|  |TAMS 0x0000000087a00000, 0x0000000087a00000| Untracked 
|  43|0x0000000087b00000, 0x0000000087b00000, 0x0000000087c00000|  0%| F|  |TAMS 0x0000000087b00000, 0x0000000087b00000| Untracked 
|  44|0x0000000087c00000, 0x0000000087c00000, 0x0000000087d00000|  0%| F|  |TAMS 0x0000000087c00000, 0x0000000087c00000| Untracked 
|  45|0x0000000087d00000, 0x0000000087d00000, 0x0000000087e00000|  0%| F|  |TAMS 0x0000000087d00000, 0x0000000087d00000| Untracked 
|  46|0x0000000087e00000, 0x0000000087e00000, 0x0000000087f00000|  0%| F|  |TAMS 0x0000000087e00000, 0x0000000087e00000| Untracked 
|  47|0x0000000087f00000, 0x0000000087f00000, 0x0000000088000000|  0%| F|  |TAMS 0x0000000087f00000, 0x0000000087f00000| Untracked 
|  48|0x0000000088000000, 0x0000000088000000, 0x0000000088100000|  0%| F|  |TAMS 0x0000000088000000, 0x0000000088000000| Untracked 
|  49|0x0000000088100000, 0x0000000088100000, 0x0000000088200000|  0%| F|  |TAMS 0x0000000088100000, 0x0000000088100000| Untracked 
|  50|0x0000000088200000, 0x0000000088200000, 0x0000000088300000|  0%| F|  |TAMS 0x0000000088200000, 0x0000000088200000| Untracked 
|  51|0x0000000088300000, 0x0000000088300000, 0x0000000088400000|  0%| F|  |TAMS 0x0000000088300000, 0x0000000088300000| Untracked 
|  52|0x0000000088400000, 0x0000000088400000, 0x0000000088500000|  0%| F|  |TAMS 0x0000000088400000, 0x0000000088400000| Untracked 
|  53|0x0000000088500000, 0x0000000088500000, 0x0000000088600000|  0%| F|  |TAMS 0x0000000088500000, 0x0000000088500000| Untracked 
|  54|0x0000000088600000, 0x0000000088600000, 0x0000000088700000|  0%| F|  |TAMS 0x0000000088600000, 0x0000000088600000| Untracked 
|  55|0x0000000088700000, 0x0000000088700000, 0x0000000088800000|  0%| F|  |TAMS 0x0000000088700000, 0x0000000088700000| Untracked 
|  56|0x0000000088800000, 0x0000000088800000, 0x0000000088900000|  0%| F|  |TAMS 0x0000000088800000, 0x0000000088800000| Untracked 
|  57|0x0000000088900000, 0x0000000088900000, 0x0000000088a00000|  0%| F|  |TAMS 0x0000000088900000, 0x0000000088900000| Untracked 
|  58|0x0000000088a00000, 0x0000000088a00000, 0x0000000088b00000|  0%| F|  |TAMS 0x0000000088a00000, 0x0000000088a00000| Untracked 
|  59|0x0000000088b00000, 0x0000000088b00000, 0x0000000088c00000|  0%| F|  |TAMS 0x0000000088b00000, 0x0000000088b00000| Untracked 
|  60|0x0000000088c00000, 0x0000000088c00000, 0x0000000088d00000|  0%| F|  |TAMS 0x0000000088c00000, 0x0000000088c00000| Untracked 
|  61|0x0000000088d00000, 0x0000000088d00000, 0x0000000088e00000|  0%| F|  |TAMS 0x0000000088d00000, 0x0000000088d00000| Untracked 
|  62|0x0000000088e00000, 0x0000000088e00000, 0x0000000088f00000|  0%| F|  |TAMS 0x0000000088e00000, 0x0000000088e00000| Untracked 
|  63|0x0000000088f00000, 0x0000000088f00000, 0x0000000089000000|  0%| F|  |TAMS 0x0000000088f00000, 0x0000000088f00000| Untracked 
|  64|0x0000000089000000, 0x0000000089000000, 0x0000000089100000|  0%| F|  |TAMS 0x0000000089000000, 0x0000000089000000| Untracked 
|  65|0x0000000089100000, 0x0000000089100000, 0x0000000089200000|  0%| F|  |TAMS 0x0000000089100000, 0x0000000089100000| Untracked 
|  66|0x0000000089200000, 0x0000000089200000, 0x0000000089300000|  0%| F|  |TAMS 0x0000000089200000, 0x0000000089200000| Untracked 
|  67|0x0000000089300000, 0x0000000089300000, 0x0000000089400000|  0%| F|  |TAMS 0x0000000089300000, 0x0000000089300000| Untracked 
|  68|0x0000000089400000, 0x0000000089400000, 0x0000000089500000|  0%| F|  |TAMS 0x0000000089400000, 0x0000000089400000| Untracked 
|  69|0x0000000089500000, 0x0000000089500000, 0x0000000089600000|  0%| F|  |TAMS 0x0000000089500000, 0x0000000089500000| Untracked 
|  70|0x0000000089600000, 0x0000000089600000, 0x0000000089700000|  0%| F|  |TAMS 0x0000000089600000, 0x0000000089600000| Untracked 
|  71|0x0000000089700000, 0x0000000089700000, 0x0000000089800000|  0%| F|  |TAMS 0x0000000089700000, 0x0000000089700000| Untracked 
|  72|0x0000000089800000, 0x0000000089800000, 0x0000000089900000|  0%| F|  |TAMS 0x0000000089800000, 0x0000000089800000| Untracked 
|  73|0x0000000089900000, 0x0000000089900000, 0x0000000089a00000|  0%| F|  |TAMS 0x0000000089900000, 0x0000000089900000| Untracked 
|  74|0x0000000089a00000, 0x0000000089a00000, 0x0000000089b00000|  0%| F|  |TAMS 0x0000000089a00000, 0x0000000089a00000| Untracked 
|  75|0x0000000089b00000, 0x0000000089b00000, 0x0000000089c00000|  0%| F|  |TAMS 0x0000000089b00000, 0x0000000089b00000| Untracked 
|  76|0x0000000089c00000, 0x0000000089c00000, 0x0000000089d00000|  0%| F|  |TAMS 0x0000000089c00000, 0x0000000089c00000| Untracked 
|  77|0x0000000089d00000, 0x0000000089d00000, 0x0000000089e00000|  0%| F|  |TAMS 0x0000000089d00000, 0x0000000089d00000| Untracked 
|  78|0x0000000089e00000, 0x0000000089e00000, 0x0000000089f00000|  0%| F|  |TAMS 0x0000000089e00000, 0x0000000089e00000| Untracked 
|  79|0x0000000089f00000, 0x0000000089f00000, 0x000000008a000000|  0%| F|  |TAMS 0x0000000089f00000, 0x0000000089f00000| Untracked 
|  80|0x000000008a000000, 0x000000008a000000, 0x000000008a100000|  0%| F|  |TAMS 0x000000008a000000, 0x000000008a000000| Untracked 
|  81|0x000000008a100000, 0x000000008a100000, 0x000000008a200000|  0%| F|  |TAMS 0x000000008a100000, 0x000000008a100000| Untracked 
|  82|0x000000008a200000, 0x000000008a200000, 0x000000008a300000|  0%| F|  |TAMS 0x000000008a200000, 0x000000008a200000| Untracked 
|  83|0x000000008a300000, 0x000000008a300000, 0x000000008a400000|  0%| F|  |TAMS 0x000000008a300000, 0x000000008a300000| Untracked 
|  84|0x000000008a400000, 0x000000008a400000, 0x000000008a500000|  0%| F|  |TAMS 0x000000008a400000, 0x000000008a400000| Untracked 
|  85|0x000000008a500000, 0x000000008a500000, 0x000000008a600000|  0%| F|  |TAMS 0x000000008a500000, 0x000000008a500000| Untracked 
|  86|0x000000008a600000, 0x000000008a600000, 0x000000008a700000|  0%| F|  |TAMS 0x000000008a600000, 0x000000008a600000| Untracked 
|  87|0x000000008a700000, 0x000000008a700000, 0x000000008a800000|  0%| F|  |TAMS 0x000000008a700000, 0x000000008a700000| Untracked 
|  88|0x000000008a800000, 0x000000008a800000, 0x000000008a900000|  0%| F|  |TAMS 0x000000008a800000, 0x000000008a800000| Untracked 
|  89|0x000000008a900000, 0x000000008a900000, 0x000000008aa00000|  0%| F|  |TAMS 0x000000008a900000, 0x000000008a900000| Untracked 
|  90|0x000000008aa00000, 0x000000008aaf9da0, 0x000000008ab00000| 97%| S|CS|TAMS 0x000000008aa00000, 0x000000008aa00000| Complete 
|  91|0x000000008ab00000, 0x000000008ac00000, 0x000000008ac00000|100%| S|CS|TAMS 0x000000008ab00000, 0x000000008ab00000| Complete 
|  92|0x000000008ac00000, 0x000000008ac00000, 0x000000008ad00000|  0%| F|  |TAMS 0x000000008ac00000, 0x000000008ac00000| Untracked 
|  93|0x000000008ad00000, 0x000000008ad00000, 0x000000008ae00000|  0%| F|  |TAMS 0x000000008ad00000, 0x000000008ad00000| Untracked 
|  94|0x000000008ae00000, 0x000000008ae00000, 0x000000008af00000|  0%| F|  |TAMS 0x000000008ae00000, 0x000000008ae00000| Untracked 
|  95|0x000000008af00000, 0x000000008af00000, 0x000000008b000000|  0%| F|  |TAMS 0x000000008af00000, 0x000000008af00000| Untracked 
|  96|0x000000008b000000, 0x000000008b000000, 0x000000008b100000|  0%| F|  |TAMS 0x000000008b000000, 0x000000008b000000| Untracked 
|  97|0x000000008b100000, 0x000000008b100000, 0x000000008b200000|  0%| F|  |TAMS 0x000000008b100000, 0x000000008b100000| Untracked 
|  98|0x000000008b200000, 0x000000008b200000, 0x000000008b300000|  0%| F|  |TAMS 0x000000008b200000, 0x000000008b200000| Untracked 
|  99|0x000000008b300000, 0x000000008b300000, 0x000000008b400000|  0%| F|  |TAMS 0x000000008b300000, 0x000000008b300000| Untracked 
| 100|0x000000008b400000, 0x000000008b400000, 0x000000008b500000|  0%| F|  |TAMS 0x000000008b400000, 0x000000008b400000| Untracked 
| 101|0x000000008b500000, 0x000000008b500000, 0x000000008b600000|  0%| F|  |TAMS 0x000000008b500000, 0x000000008b500000| Untracked 
| 102|0x000000008b600000, 0x000000008b600000, 0x000000008b700000|  0%| F|  |TAMS 0x000000008b600000, 0x000000008b600000| Untracked 
| 103|0x000000008b700000, 0x000000008b700000, 0x000000008b800000|  0%| F|  |TAMS 0x000000008b700000, 0x000000008b700000| Untracked 
| 104|0x000000008b800000, 0x000000008b800000, 0x000000008b900000|  0%| F|  |TAMS 0x000000008b800000, 0x000000008b800000| Untracked 
| 105|0x000000008b900000, 0x000000008b900000, 0x000000008ba00000|  0%| F|  |TAMS 0x000000008b900000, 0x000000008b900000| Untracked 
| 106|0x000000008ba00000, 0x000000008bb00000, 0x000000008bb00000|100%| E|  |TAMS 0x000000008ba00000, 0x000000008ba00000| Complete 
| 107|0x000000008bb00000, 0x000000008bc00000, 0x000000008bc00000|100%| E|CS|TAMS 0x000000008bb00000, 0x000000008bb00000| Complete 
| 108|0x000000008bc00000, 0x000000008bd00000, 0x000000008bd00000|100%| E|CS|TAMS 0x000000008bc00000, 0x000000008bc00000| Complete 
| 109|0x000000008bd00000, 0x000000008be00000, 0x000000008be00000|100%| E|CS|TAMS 0x000000008bd00000, 0x000000008bd00000| Complete 
| 110|0x000000008be00000, 0x000000008bf00000, 0x000000008bf00000|100%| E|CS|TAMS 0x000000008be00000, 0x000000008be00000| Complete 
| 111|0x000000008bf00000, 0x000000008c000000, 0x000000008c000000|100%| E|CS|TAMS 0x000000008bf00000, 0x000000008bf00000| Complete 
| 112|0x000000008c000000, 0x000000008c100000, 0x000000008c100000|100%| E|CS|TAMS 0x000000008c000000, 0x000000008c000000| Complete 
| 113|0x000000008c100000, 0x000000008c200000, 0x000000008c200000|100%| E|CS|TAMS 0x000000008c100000, 0x000000008c100000| Complete 
| 114|0x000000008c200000, 0x000000008c300000, 0x000000008c300000|100%| E|CS|TAMS 0x000000008c200000, 0x000000008c200000| Complete 
| 115|0x000000008c300000, 0x000000008c400000, 0x000000008c400000|100%| E|CS|TAMS 0x000000008c300000, 0x000000008c300000| Complete 
| 116|0x000000008c400000, 0x000000008c500000, 0x000000008c500000|100%| E|CS|TAMS 0x000000008c400000, 0x000000008c400000| Complete 
| 117|0x000000008c500000, 0x000000008c600000, 0x000000008c600000|100%| E|CS|TAMS 0x000000008c500000, 0x000000008c500000| Complete 
| 118|0x000000008c600000, 0x000000008c700000, 0x000000008c700000|100%| E|CS|TAMS 0x000000008c600000, 0x000000008c600000| Complete 
| 119|0x000000008c700000, 0x000000008c800000, 0x000000008c800000|100%| E|CS|TAMS 0x000000008c700000, 0x000000008c700000| Complete 
| 120|0x000000008c800000, 0x000000008c900000, 0x000000008c900000|100%| E|CS|TAMS 0x000000008c800000, 0x000000008c800000| Complete 
| 121|0x000000008c900000, 0x000000008ca00000, 0x000000008ca00000|100%| E|CS|TAMS 0x000000008c900000, 0x000000008c900000| Complete 
| 122|0x000000008ca00000, 0x000000008cb00000, 0x000000008cb00000|100%| E|CS|TAMS 0x000000008ca00000, 0x000000008ca00000| Complete 
| 123|0x000000008cb00000, 0x000000008cc00000, 0x000000008cc00000|100%| E|CS|TAMS 0x000000008cb00000, 0x000000008cb00000| Complete 

Card table byte_map: [0x000001bbf8f00000,0x000001bbf92e0000] _byte_map_base: 0x000001bbf8ad8000

Marking Bits (Prev, Next): (CMBitMap*) 0x000001bbeeffbfe0, (CMBitMap*) 0x000001bbeeffc020
 Prev Bits: [0x000001bbf96c0000, 0x000001bbfb580000)
 Next Bits: [0x000001bbfb580000, 0x000001bbfd440000)

Polling page: 0x000001bbef060000

Metaspace:

Usage:
  Non-class:     11.51 MB used.
      Class:      1.48 MB used.
       Both:     12.99 MB used.

Virtual space:
  Non-class space:       64.00 MB reserved,      11.62 MB ( 18%) committed,  1 nodes.
      Class space:        1.00 GB reserved,       1.62 MB ( <1%) committed,  1 nodes.
             Both:        1.06 GB reserved,      13.25 MB (  1%) committed. 

Chunk freelists:
   Non-Class:  3.83 MB
       Class:  2.23 MB
        Both:  6.06 MB

MaxMetaspaceSize: unlimited
CompressedClassSpaceSize: 1.00 GB
Initial GC threshold: 21.00 MB
Current GC threshold: 21.00 MB
CDS: on
MetaspaceReclaimPolicy: balanced
 - commit_granule_bytes: 65536.
 - commit_granule_words: 8192.
 - virtual_space_node_default_size: 8388608.
 - enlarge_chunks_in_place: 1.
 - new_chunks_are_fully_committed: 0.
 - uncommit_free_chunks: 1.
 - use_allocation_guard: 0.


Internal statistics:

num_allocs_failed_limit: 0.
num_arena_births: 258.
num_arena_deaths: 0.
num_vsnodes_births: 2.
num_vsnodes_deaths: 0.
num_space_committed: 212.
num_space_uncommitted: 0.
num_chunks_returned_to_freelist: 0.
num_chunks_taken_from_freelist: 674.
num_chunk_merges: 0.
num_chunk_splits: 484.
num_chunks_enlarged: 360.
num_inconsistent_stats: 0.

CodeHeap 'non-profiled nmethods': size=120000Kb used=884Kb max_used=884Kb free=119115Kb
 bounds [0x000001bb87ad0000, 0x000001bb87d40000, 0x000001bb8f000000]
CodeHeap 'profiled nmethods': size=120000Kb used=5108Kb max_used=5108Kb free=114891Kb
 bounds [0x000001bb805a0000, 0x000001bb80aa0000, 0x000001bb87ad0000]
CodeHeap 'non-nmethods': size=5760Kb used=1209Kb max_used=1230Kb free=4550Kb
 bounds [0x000001bb80000000, 0x000001bb80270000, 0x000001bb805a0000]
 total_blobs=3062 nmethods=2582 adapters=392
 compilation: enabled
              stopped_count=0, restarted_count=0
 full_count=0

Compilation events (20 events):
Event: 1.882 Thread 0x000001bbffececa0 2547       1       org.apache.maven.model.ConfigurationContainer::getInherited (5 bytes)
Event: 1.882 Thread 0x000001bbffececa0 nmethod 2547 0x000001bb87baa490 code [0x000001bb87baa620, 0x000001bb87baa6f8]
Event: 1.882 Thread 0x000001bbffececa0 2549       1       org.apache.maven.model.Plugin::getExtensions (5 bytes)
Event: 1.882 Thread 0x000001bbffececa0 nmethod 2549 0x000001bb87baa790 code [0x000001bb87baa920, 0x000001bb87baa9f8]
Event: 1.882 Thread 0x000001bbffececa0 2550       3       java.lang.Character::isJavaIdentifierPart (5 bytes)
Event: 1.882 Thread 0x000001bbffececa0 nmethod 2550 0x000001bb80a7ab10 code [0x000001bb80a7acc0, 0x000001bb80a7af18]
Event: 1.882 Thread 0x000001bbffececa0 2551       3       java.lang.invoke.Invokers$Holder::invokeExact_MT (23 bytes)
Event: 1.883 Thread 0x000001bbffececa0 nmethod 2551 0x000001bb80a7b010 code [0x000001bb80a7b220, 0x000001bb80a7b878]
Event: 1.883 Thread 0x000001bbffececa0 2552       3       org.apache.maven.model.Plugin::getKey (27 bytes)
Event: 1.883 Thread 0x000001bbffececa0 nmethod 2552 0x000001bb80a7ba90 code [0x000001bb80a7bca0, 0x000001bb80a7c1c8]
Event: 1.883 Thread 0x000001bbffececa0 2553       1       org.apache.maven.model.Dependency::getScope (5 bytes)
Event: 1.883 Thread 0x000001bbffececa0 nmethod 2553 0x000001bb87baaa90 code [0x000001bb87baac20, 0x000001bb87baacf8]
Event: 1.883 Thread 0x000001bbffececa0 2554       1       org.apache.maven.model.Dependency::getVersion (5 bytes)
Event: 1.883 Thread 0x000001bbffececa0 nmethod 2554 0x000001bb87baad90 code [0x000001bb87baaf20, 0x000001bb87baaff8]
Event: 1.883 Thread 0x000001bbffececa0 2555       1       org.apache.maven.model.Dependency::getGroupId (5 bytes)
Event: 1.883 Thread 0x000001bbffececa0 nmethod 2555 0x000001bb87bab090 code [0x000001bb87bab220, 0x000001bb87bab2f8]
Event: 1.883 Thread 0x000001bbffececa0 2556       1       org.apache.maven.model.Dependency::getArtifactId (5 bytes)
Event: 1.883 Thread 0x000001bbffececa0 nmethod 2556 0x000001bb87bab390 code [0x000001bb87bab520, 0x000001bb87bab5f8]
Event: 1.884 Thread 0x000001bbffececa0 2557       3       java.util.regex.Pattern$GroupHead::match (47 bytes)
Event: 1.884 Thread 0x000001bbffececa0 nmethod 2557 0x000001bb80a7c410 code [0x000001bb80a7c5c0, 0x000001bb80a7c828]

GC Heap History (4 events):
Event: 0.873 GC heap before
{Heap before GC invocations=0 (full 0):
 garbage-first heap   total 126976K, used 22528K [0x0000000085000000, 0x0000000100000000)
  region size 1024K, 23 young (23552K), 0 survivors (0K)
 Metaspace       used 5769K, committed 5952K, reserved 1114112K
  class space    used 648K, committed 704K, reserved 1048576K
}
Event: 0.884 GC heap after
{Heap after GC invocations=1 (full 0):
 garbage-first heap   total 126976K, used 3973K [0x0000000085000000, 0x0000000100000000)
  region size 1024K, 3 young (3072K), 3 survivors (3072K)
 Metaspace       used 5769K, committed 5952K, reserved 1114112K
  class space    used 648K, committed 704K, reserved 1048576K
}
Event: 1.473 GC heap before
{Heap before GC invocations=1 (full 0):
 garbage-first heap   total 126976K, used 33669K [0x0000000085000000, 0x0000000100000000)
  region size 1024K, 32 young (32768K), 3 survivors (3072K)
 Metaspace       used 10310K, committed 10496K, reserved 1114112K
  class space    used 1222K, committed 1280K, reserved 1048576K
}
Event: 1.482 GC heap after
{Heap after GC invocations=2 (full 0):
 garbage-first heap   total 126976K, used 5885K [0x0000000085000000, 0x0000000100000000)
  region size 1024K, 2 young (2048K), 2 survivors (2048K)
 Metaspace       used 10310K, committed 10496K, reserved 1114112K
  class space    used 1222K, committed 1280K, reserved 1048576K
}

Deoptimization events (20 events):
Event: 1.858 Thread 0x000001bbeef9d2e0 Uncommon trap: trap_request=0xffffff45 fr.pc=0x000001bb87ba7e14 relative=0x0000000000000af4
Event: 1.858 Thread 0x000001bbeef9d2e0 Uncommon trap: reason=unstable_if action=reinterpret pc=0x000001bb87ba7e14 method=org.codehaus.plexus.util.xml.pull.MXParser.nextImpl()I @ 924 c2
Event: 1.858 Thread 0x000001bbeef9d2e0 DEOPT PACKING pc=0x000001bb87ba7e14 sp=0x0000003ed0bfd3e0
Event: 1.858 Thread 0x000001bbeef9d2e0 DEOPT UNPACKING pc=0x000001bb80055c23 sp=0x0000003ed0bfd358 mode 2
Event: 1.865 Thread 0x000001bbeef9d2e0 Uncommon trap: trap_request=0xffffff45 fr.pc=0x000001bb87b39ecc relative=0x00000000000002cc
Event: 1.865 Thread 0x000001bbeef9d2e0 Uncommon trap: reason=unstable_if action=reinterpret pc=0x000001bb87b39ecc method=java.lang.String.decodeASCII([BI[CII)I @ 7 c2
Event: 1.865 Thread 0x000001bbeef9d2e0 DEOPT PACKING pc=0x000001bb87b39ecc sp=0x0000003ed0bfd2a0
Event: 1.865 Thread 0x000001bbeef9d2e0 DEOPT UNPACKING pc=0x000001bb80055c23 sp=0x0000003ed0bfd1d0 mode 2
Event: 1.866 Thread 0x000001bbeef9d2e0 Uncommon trap: trap_request=0xffffff45 fr.pc=0x000001bb87b25424 relative=0x00000000000002a4
Event: 1.866 Thread 0x000001bbeef9d2e0 Uncommon trap: reason=unstable_if action=reinterpret pc=0x000001bb87b25424 method=java.lang.String.decodeASCII([BI[CII)I @ 7 c2
Event: 1.866 Thread 0x000001bbeef9d2e0 DEOPT PACKING pc=0x000001bb87b25424 sp=0x0000003ed0bfd110
Event: 1.866 Thread 0x000001bbeef9d2e0 DEOPT UNPACKING pc=0x000001bb80055c23 sp=0x0000003ed0bfd0c0 mode 2
Event: 1.879 Thread 0x000001bbeef9d2e0 Uncommon trap: trap_request=0xffffffde fr.pc=0x000001bb87b66248 relative=0x00000000000008c8
Event: 1.879 Thread 0x000001bbeef9d2e0 Uncommon trap: reason=class_check action=maybe_recompile pc=0x000001bb87b66248 method=java.util.HashMap.putVal(ILjava/lang/Object;Ljava/lang/Object;ZZ)Ljava/lang/Object; @ 203 c2
Event: 1.879 Thread 0x000001bbeef9d2e0 DEOPT PACKING pc=0x000001bb87b66248 sp=0x0000003ed0bfd540
Event: 1.879 Thread 0x000001bbeef9d2e0 DEOPT UNPACKING pc=0x000001bb80055c23 sp=0x0000003ed0bfd478 mode 2
Event: 1.880 Thread 0x000001bbeef9d2e0 Uncommon trap: trap_request=0xffffffde fr.pc=0x000001bb87b66248 relative=0x00000000000008c8
Event: 1.880 Thread 0x000001bbeef9d2e0 Uncommon trap: reason=class_check action=maybe_recompile pc=0x000001bb87b66248 method=java.util.HashMap.putVal(ILjava/lang/Object;Ljava/lang/Object;ZZ)Ljava/lang/Object; @ 203 c2
Event: 1.880 Thread 0x000001bbeef9d2e0 DEOPT PACKING pc=0x000001bb87b66248 sp=0x0000003ed0bfd760
Event: 1.880 Thread 0x000001bbeef9d2e0 DEOPT UNPACKING pc=0x000001bb80055c23 sp=0x0000003ed0bfd698 mode 2

Classes loaded (20 events):
Event: 1.750 Loading class sun/util/resources/LocaleData$CommonResourceBundleProvider
Event: 1.750 Loading class sun/util/resources/LocaleData$LocaleDataResourceBundleProvider
Event: 1.750 Loading class java/util/spi/ResourceBundleProvider
Event: 1.750 Loading class java/util/spi/ResourceBundleProvider done
Event: 1.750 Loading class sun/util/resources/LocaleData$LocaleDataResourceBundleProvider done
Event: 1.750 Loading class sun/util/resources/LocaleData$CommonResourceBundleProvider done
Event: 1.751 Loading class sun/util/resources/Bundles$2
Event: 1.751 Loading class sun/util/resources/Bundles$2 done
Event: 1.770 Loading class java/math/BigDecimal
Event: 1.771 Loading class java/math/BigDecimal done
Event: 1.771 Loading class java/lang/Short$ShortCache
Event: 1.771 Loading class java/lang/Short$ShortCache done
Event: 1.771 Loading class java/lang/Byte$ByteCache
Event: 1.772 Loading class java/lang/Byte$ByteCache done
Event: 1.774 Loading class sun/invoke/util/ValueConversions$1
Event: 1.775 Loading class sun/invoke/util/ValueConversions$1 done
Event: 1.775 Loading class java/lang/invoke/BoundMethodHandle$Species_LI
Event: 1.775 Loading class java/lang/invoke/BoundMethodHandle$Species_LI done
Event: 1.794 Loading class java/util/LinkedList$ListItr
Event: 1.794 Loading class java/util/LinkedList$ListItr done

Classes unloaded (0 events):
No events

Classes redefined (0 events):
No events

Internal exceptions (20 events):
Event: 0.294 Thread 0x000001bbeef9d2e0 Exception <a 'java/lang/NoSuchMethodError'{0x000000008c6fa368}: 'java.lang.Object java.lang.invoke.DirectMethodHandle$Holder.invokeStaticInit(java.lang.Object, int, int, int, int)'> (0x000000008c6fa368) 
thrown [s\open\src\hotspot\share\interpreter\linkResolver.cpp, line 759]
Event: 0.407 Thread 0x000001bbeef9d2e0 Exception <a 'java/lang/NoSuchMethodError'{0x000000008c5702f0}: 'java.lang.Object java.lang.invoke.DirectMethodHandle$Holder.invokeStaticInit(java.lang.Object, java.lang.Object, int, int, int, int)'> (0x000000008c5702f0) 
thrown [s\open\src\hotspot\share\interpreter\linkResolver.cpp, line 759]
Event: 0.756 Thread 0x000001bbeef9d2e0 Exception <a 'java/lang/NoSuchMethodError'{0x000000008bb89428}: 'java.lang.Object java.lang.invoke.DirectMethodHandle$Holder.newInvokeSpecial(java.lang.Object, java.lang.Object, java.lang.Object, java.lang.Object, java.lang.Object)'> (0x000000008bb89428) 
thrown [s\open\src\hotspot\share\interpreter\linkResolver.cpp, line 759]
Event: 1.491 Thread 0x000001bbeef9d2e0 Exception <a 'java/lang/NoSuchMethodError'{0x000000008cb6bf30}: 'void java.lang.invoke.DirectMethodHandle$Holder.invokeSpecial(java.lang.Object, java.lang.Object, java.lang.Object)'> (0x000000008cb6bf30) 
thrown [s\open\src\hotspot\share\interpreter\linkResolver.cpp, line 759]
Event: 1.496 Thread 0x000001bbeef9d2e0 Exception <a 'java/lang/NoSuchMethodError'{0x000000008cb94638}: 'void java.lang.invoke.Invokers$Holder.invokeExact_MT(java.lang.Object, java.lang.Object, java.lang.Object, java.lang.Object)'> (0x000000008cb94638) 
thrown [s\open\src\hotspot\share\interpreter\linkResolver.cpp, line 759]
Event: 1.511 Thread 0x000001bbeef9d2e0 Exception <a 'java/lang/NoClassDefFoundError'{0x000000008ca24938}: com/google/inject/servlet/ServletModuleTargetVisitor> (0x000000008ca24938) 
thrown [s\open\src\hotspot\share\classfile\systemDictionary.cpp, line 244]
Event: 1.512 Thread 0x000001bbeef9d2e0 Exception <a 'java/lang/NoClassDefFoundError'{0x000000008ca260b8}: javax/annotation/Priority> (0x000000008ca260b8) 
thrown [s\open\src\hotspot\share\classfile\systemDictionary.cpp, line 244]
Event: 1.543 Thread 0x000001bbeef9d2e0 Exception <a 'java/lang/NoSuchMethodError'{0x000000008c906e90}: 'java.lang.Object java.lang.invoke.DirectMethodHandle$Holder.invokeStatic(java.lang.Object, java.lang.Object, int)'> (0x000000008c906e90) 
thrown [s\open\src\hotspot\share\interpreter\linkResolver.cpp, line 759]
Event: 1.544 Thread 0x000001bbeef9d2e0 Exception <a 'java/lang/NoSuchMethodError'{0x000000008c9132a0}: 'void java.lang.invoke.DelegatingMethodHandle$Holder.delegate(java.lang.Object, java.lang.Object, int, java.lang.Object)'> (0x000000008c9132a0) 
thrown [s\open\src\hotspot\share\interpreter\linkResolver.cpp, line 759]
Event: 1.545 Thread 0x000001bbeef9d2e0 Exception <a 'java/lang/NoSuchMethodError'{0x000000008c917b58}: 'int java.lang.invoke.DirectMethodHandle$Holder.invokeSpecial(java.lang.Object, java.lang.Object, java.lang.Object)'> (0x000000008c917b58) 
thrown [s\open\src\hotspot\share\interpreter\linkResolver.cpp, line 759]
Event: 1.575 Thread 0x000001bbeef9d2e0 Exception <a 'java/lang/NoSuchMethodError'{0x000000008c8618b0}: 'java.lang.Object java.lang.invoke.DirectMethodHandle$Holder.newInvokeSpecial(java.lang.Object, java.lang.Object, java.lang.Object, java.lang.Object, java.lang.Object, java.lang.Object, java.lang.Object)'> (0x000000008c8618b0) 
thrown [s\open\src\hotspot\share\interpreter\linkResolver.cpp, line 759]
Event: 1.582 Thread 0x000001bbeef9d2e0 Exception <a 'java/lang/NoSuchMethodError'{0x000000008c8a0070}: 'java.lang.Object java.lang.invoke.DirectMethodHandle$Holder.newInvokeSpecial(java.lang.Object, java.lang.Object, java.lang.Object, java.lang.Object, java.lang.Object, java.lang.Object, java.lang.Object, java.lang.Object, java.lang.Object)'> (0x000000008c8a0070) 
thrown [s\open\src\hotspot\share\interpreter\linkResolver.cpp, line 759]
Event: 1.583 Thread 0x000001bbeef9d2e0 Exception <a 'java/lang/NoSuchMethodError'{0x000000008c8a6728}: 'java.lang.Object java.lang.invoke.DirectMethodHandle$Holder.invokeSpecial(java.lang.Object, java.lang.Object, java.lang.Object, java.lang.Object, java.lang.Object, java.lang.Object, java.lang.Object, java.lang.Object, java.lang.Object, java.lang.Object)'> (0x000000008c8a6728) 
thrown [s\open\src\hotspot\share\interpreter\linkResolver.cpp, line 759]
Event: 1.600 Thread 0x000001bbeef9d2e0 Exception <a 'java/lang/NoSuchMethodError'{0x000000008c75b850}: 'java.lang.Object java.lang.invoke.DirectMethodHandle$Holder.newInvokeSpecial(java.lang.Object, java.lang.Object, java.lang.Object, java.lang.Object, java.lang.Object, java.lang.Object, java.lang.Object, java.lang.Object, java.lang.Object, java.lang.Object, java.lang.Object, java.lang.Object)'> (0x000000008c75b850) 
thrown [s\open\src\hotspot\share\interpreter\linkResolver.cpp, line 759]
Event: 1.601 Thread 0x000001bbeef9d2e0 Exception <a 'java/lang/NoSuchMethodError'{0x000000008c761980}: 'java.lang.Object java.lang.invoke.DirectMethodHandle$Holder.invokeSpecial(java.lang.Object, java.lang.Object, java.lang.Object, java.lang.Object, java.lang.Object, java.lang.Object, java.lang.Object, java.lang.Object, java.lang.Object, java.lang.Object, java.lang.Object, java.lang.Object, java.lang.Object)'> (0x000000008c761980) 
thrown [s\open\src\hotspot\share\interpreter\linkResolver.cpp, line 759]
Event: 1.638 Thread 0x000001bbffebb7b0 Exception <a 'java/lang/NoSuchMethodError'{0x000000008c5343b8}: 'java.lang.Object java.lang.invoke.Invokers$Holder.invokeExact_MT(java.lang.Object, java.lang.Object, java.lang.Object, java.lang.Object, java.lang.Object, java.lang.Object)'> (0x000000008c5343b8) 
thrown [s\open\src\hotspot\share\interpreter\linkResolver.cpp, line 759]
Event: 1.774 Thread 0x000001bbeef9d2e0 Exception <a 'java/lang/NoSuchMethodError'{0x000000008bf2cfc8}: 'void java.lang.invoke.DirectMethodHandle$Holder.invokeVirtual(java.lang.Object, java.lang.Object, int)'> (0x000000008bf2cfc8) 
thrown [s\open\src\hotspot\share\interpreter\linkResolver.cpp, line 759]
Event: 1.775 Thread 0x000001bbeef9d2e0 Exception <a 'java/lang/NoSuchMethodError'{0x000000008bf31468}: 'int java.lang.invoke.DirectMethodHandle$Holder.invokeSpecial(java.lang.Object, java.lang.Object, java.lang.Object, int)'> (0x000000008bf31468) 
thrown [s\open\src\hotspot\share\interpreter\linkResolver.cpp, line 759]
Event: 1.777 Thread 0x000001bbeef9d2e0 Exception <a 'java/lang/NoSuchMethodError'{0x000000008bf43e08}: 'java.lang.Object java.lang.invoke.DirectMethodHandle$Holder.invokeStatic(java.lang.Object, java.lang.Object, java.lang.Object, java.lang.Object, int)'> (0x000000008bf43e08) 
thrown [s\open\src\hotspot\share\interpreter\linkResolver.cpp, line 759]
Event: 1.777 Thread 0x000001bbeef9d2e0 Exception <a 'java/lang/NoSuchMethodError'{0x000000008bf4f6e0}: 'void java.lang.invoke.DelegatingMethodHandle$Holder.reinvoke_L(java.lang.Object, java.lang.Object, int)'> (0x000000008bf4f6e0) 
thrown [s\open\src\hotspot\share\interpreter\linkResolver.cpp, line 759]

VM Operations (20 events):
Event: 1.392 Executing VM operation: ICBufferFull
Event: 1.392 Executing VM operation: ICBufferFull done
Event: 1.403 Executing VM operation: HandshakeAllThreads
Event: 1.403 Executing VM operation: HandshakeAllThreads done
Event: 1.405 Executing VM operation: HandshakeAllThreads
Event: 1.405 Executing VM operation: HandshakeAllThreads done
Event: 1.473 Executing VM operation: G1CollectForAllocation
Event: 1.482 Executing VM operation: G1CollectForAllocation done
Event: 1.490 Executing VM operation: HandshakeAllThreads
Event: 1.490 Executing VM operation: HandshakeAllThreads done
Event: 1.543 Executing VM operation: HandshakeAllThreads
Event: 1.543 Executing VM operation: HandshakeAllThreads done
Event: 1.628 Executing VM operation: HandshakeAllThreads
Event: 1.628 Executing VM operation: HandshakeAllThreads done
Event: 1.672 Executing VM operation: HandshakeAllThreads
Event: 1.672 Executing VM operation: HandshakeAllThreads done
Event: 1.710 Executing VM operation: HandshakeAllThreads
Event: 1.710 Executing VM operation: HandshakeAllThreads done
Event: 1.746 Executing VM operation: ICBufferFull
Event: 1.746 Executing VM operation: ICBufferFull done

Events (20 events):
Event: 0.030 Thread 0x000001bbffebaf00 Thread added: 0x000001bbffebaf00
Event: 0.030 Thread 0x000001bbffebb7b0 Thread added: 0x000001bbffebb7b0
Event: 0.030 Thread 0x000001bbffebe160 Thread added: 0x000001bbffebe160
Event: 0.030 Thread 0x000001bbffebeb00 Thread added: 0x000001bbffebeb00
Event: 0.030 Thread 0x000001bbffec25a0 Thread added: 0x000001bbffec25a0
Event: 0.030 Thread 0x000001bbffececa0 Thread added: 0x000001bbffececa0
Event: 0.030 Thread 0x000001bbffed9e10 Thread added: 0x000001bbffed9e10
Event: 0.054 Thread 0x000001bb931a9070 Thread added: 0x000001bb931a9070
Event: 0.074 Loaded shared library C:\Program Files\Java\jdk-18.0.2.1\bin\zip.dll
Event: 0.078 Loaded shared library C:\Program Files\Java\jdk-18.0.2.1\bin\instrument.dll
Event: 0.083 Loaded shared library C:\Program Files\Java\jdk-18.0.2.1\bin\net.dll
Event: 0.084 Loaded shared library C:\Program Files\Java\jdk-18.0.2.1\bin\nio.dll
Event: 0.086 Loaded shared library C:\Program Files\Java\jdk-18.0.2.1\bin\zip.dll
Event: 0.104 Loaded shared library C:\Program Files\JetBrains\IntelliJ IDEA Community Edition 2022.2.2\bin\breakgen64.dll
Event: 0.105 Thread 0x000001bb93299480 Thread added: 0x000001bb93299480
Event: 0.105 Thread 0x000001bb93299940 Thread added: 0x000001bb93299940
Event: 0.230 Loaded shared library C:\Program Files\Java\jdk-18.0.2.1\bin\verify.dll
Event: 0.241 Loaded shared library C:\Program Files\Java\jdk-18.0.2.1\bin\jimage.dll
Event: 0.418 Loaded shared library C:\Users\paras\AppData\Local\Temp\jansi-1.17.1-13551537905606747741.dll
Event: 0.429 Loaded shared library C:\Users\paras\AppData\Local\Temp\jansi-1.17.1-17899371538801061238.dll


Dynamic libraries:
0x00007ff679ff0000 - 0x00007ff67a000000 	C:\Program Files\Java\jdk-18.0.2.1\bin\java.exe
0x00007ffee1810000 - 0x00007ffee1a27000 	C:\WINDOWS\SYSTEM32\ntdll.dll
0x00007ffee10f0000 - 0x00007ffee11b4000 	C:\WINDOWS\System32\KERNEL32.DLL
0x00007ffedeb80000 - 0x00007ffedef25000 	C:\WINDOWS\System32\KERNELBASE.dll
0x00007ffedef30000 - 0x00007ffedf041000 	C:\WINDOWS\System32\ucrtbase.dll
0x00007ffed4f30000 - 0x00007ffed4f48000 	C:\Program Files\Java\jdk-18.0.2.1\bin\jli.dll
0x00007ffee11e0000 - 0x00007ffee1291000 	C:\WINDOWS\System32\ADVAPI32.dll
0x00007ffed4f10000 - 0x00007ffed4f2a000 	C:\Program Files\Java\jdk-18.0.2.1\bin\VCRUNTIME140.dll
0x00007ffee1720000 - 0x00007ffee17c7000 	C:\WINDOWS\System32\msvcrt.dll
0x00007ffee12c0000 - 0x00007ffee1366000 	C:\WINDOWS\System32\sechost.dll
0x00007ffedfdc0000 - 0x00007ffedfed7000 	C:\WINDOWS\System32\RPCRT4.dll
0x00007ffee08f0000 - 0x00007ffee0a9e000 	C:\WINDOWS\System32\USER32.dll
0x00007ffedf110000 - 0x00007ffedf136000 	C:\WINDOWS\System32\win32u.dll
0x00007ffee1370000 - 0x00007ffee1399000 	C:\WINDOWS\System32\GDI32.dll
0x00007ffedf140000 - 0x00007ffedf259000 	C:\WINDOWS\System32\gdi32full.dll
0x00007ffedf440000 - 0x00007ffedf4da000 	C:\WINDOWS\System32\msvcp_win.dll
0x00007ffecf050000 - 0x00007ffecf2e3000 	C:\WINDOWS\WinSxS\amd64_microsoft.windows.common-controls_6595b64144ccf1df_6.0.22621.2506_none_270c5ae97388e100\COMCTL32.dll
0x00007ffed3b70000 - 0x00007ffed3b7a000 	C:\WINDOWS\SYSTEM32\VERSION.dll
0x00007ffee0e90000 - 0x00007ffee0ec1000 	C:\WINDOWS\System32\IMM32.DLL
0x00007ffed4d80000 - 0x00007ffed4d8c000 	C:\Program Files\Java\jdk-18.0.2.1\bin\vcruntime140_1.dll
0x00007ffed27f0000 - 0x00007ffed287d000 	C:\Program Files\Java\jdk-18.0.2.1\bin\msvcp140.dll
0x00007ffe5c400000 - 0x00007ffe5d011000 	C:\Program Files\Java\jdk-18.0.2.1\bin\server\jvm.dll
0x00007ffee08e0000 - 0x00007ffee08e8000 	C:\WINDOWS\System32\PSAPI.DLL
0x00007ffeb5ae0000 - 0x00007ffeb5ae9000 	C:\WINDOWS\SYSTEM32\WSOCK32.dll
0x00007ffed4d20000 - 0x00007ffed4d54000 	C:\WINDOWS\SYSTEM32\WINMM.dll
0x00007ffee13a0000 - 0x00007ffee1411000 	C:\WINDOWS\System32\WS2_32.dll
0x00007ffeddb80000 - 0x00007ffeddb98000 	C:\WINDOWS\SYSTEM32\kernel.appcore.dll
0x00007ffed4d70000 - 0x00007ffed4d7a000 	C:\Program Files\Java\jdk-18.0.2.1\bin\jimage.dll
0x00007ffedc640000 - 0x00007ffedc873000 	C:\WINDOWS\SYSTEM32\DBGHELP.DLL
0x00007ffee0550000 - 0x00007ffee08d9000 	C:\WINDOWS\System32\combase.dll
0x00007ffee0c50000 - 0x00007ffee0d27000 	C:\WINDOWS\System32\OLEAUT32.dll
0x00007ffed3e60000 - 0x00007ffed3e92000 	C:\WINDOWS\SYSTEM32\dbgcore.DLL
0x00007ffedf4e0000 - 0x00007ffedf55a000 	C:\WINDOWS\System32\bcryptPrimitives.dll
0x00007ffed2ed0000 - 0x00007ffed2ede000 	C:\Program Files\Java\jdk-18.0.2.1\bin\instrument.dll
0x00007ffed4220000 - 0x00007ffed4245000 	C:\Program Files\Java\jdk-18.0.2.1\bin\java.dll
0x00007ffecbdf0000 - 0x00007ffecbec6000 	C:\Program Files\Java\jdk-18.0.2.1\bin\jsvml.dll
0x00007ffedf560000 - 0x00007ffedfdb9000 	C:\WINDOWS\System32\SHELL32.dll
0x00007ffedcaa0000 - 0x00007ffedd394000 	C:\WINDOWS\SYSTEM32\windows.storage.dll
0x00007ffedc960000 - 0x00007ffedca9e000 	C:\WINDOWS\SYSTEM32\wintypes.dll
0x00007ffee0aa0000 - 0x00007ffee0b93000 	C:\WINDOWS\System32\SHCORE.dll
0x00007ffee1520000 - 0x00007ffee157e000 	C:\WINDOWS\System32\shlwapi.dll
0x00007ffedeab0000 - 0x00007ffedead6000 	C:\WINDOWS\SYSTEM32\profapi.dll
0x00007ffed4200000 - 0x00007ffed4218000 	C:\Program Files\Java\jdk-18.0.2.1\bin\zip.dll
0x00007ffed41e0000 - 0x00007ffed41f3000 	C:\Program Files\Java\jdk-18.0.2.1\bin\net.dll
0x00007ffed7f50000 - 0x00007ffed8087000 	C:\WINDOWS\SYSTEM32\WINHTTP.dll
0x00007ffede000000 - 0x00007ffede069000 	C:\WINDOWS\system32\mswsock.dll
0x00007ffed2f00000 - 0x00007ffed2f16000 	C:\Program Files\Java\jdk-18.0.2.1\bin\nio.dll
0x00007ffed2d20000 - 0x00007ffed2d3a000 	C:\Program Files\JetBrains\IntelliJ IDEA Community Edition 2022.2.2\bin\breakgen64.dll
0x00007ffed3b60000 - 0x00007ffed3b70000 	C:\Program Files\Java\jdk-18.0.2.1\bin\verify.dll
0x00007ffede2c0000 - 0x00007ffede2db000 	C:\WINDOWS\SYSTEM32\CRYPTSP.dll
0x00007ffeddae0000 - 0x00007ffeddb15000 	C:\WINDOWS\system32\rsaenh.dll
0x00007ffede160000 - 0x00007ffede18c000 	C:\WINDOWS\SYSTEM32\USERENV.dll
0x00007ffede530000 - 0x00007ffede558000 	C:\WINDOWS\SYSTEM32\bcrypt.dll
0x00007ffede2e0000 - 0x00007ffede2ec000 	C:\WINDOWS\SYSTEM32\CRYPTBASE.dll
0x00007ffedd640000 - 0x00007ffedd66d000 	C:\WINDOWS\SYSTEM32\IPHLPAPI.DLL
0x00007ffee0e80000 - 0x00007ffee0e89000 	C:\WINDOWS\System32\NSI.dll
0x00007ffed4f50000 - 0x00007ffed4f69000 	C:\WINDOWS\SYSTEM32\dhcpcsvc6.DLL
0x00007ffed5220000 - 0x00007ffed523f000 	C:\WINDOWS\SYSTEM32\dhcpcsvc.DLL
0x00007ffedd670000 - 0x00007ffedd769000 	C:\WINDOWS\SYSTEM32\DNSAPI.dll
0x00007ffebf2d0000 - 0x00007ffebf2da000 	C:\Users\paras\AppData\Local\Temp\jansi-1.17.1-13551537905606747741.dll
0x00007ffebee10000 - 0x00007ffebee1a000 	C:\Users\paras\AppData\Local\Temp\jansi-1.17.1-17899371538801061238.dll

dbghelp: loaded successfully - version: 4.0.5 - missing functions: none
symbol engine: initialized successfully - sym options: 0x614 - pdb path: .;C:\Program Files\Java\jdk-18.0.2.1\bin;C:\WINDOWS\SYSTEM32;C:\WINDOWS\WinSxS\amd64_microsoft.windows.common-controls_6595b64144ccf1df_6.0.22621.2506_none_270c5ae97388e100;C:\Program Files\Java\jdk-18.0.2.1\bin\server;C:\Program Files\JetBrains\IntelliJ IDEA Community Edition 2022.2.2\bin;C:\Users\paras\AppData\Local\Temp

VM Arguments:
jvm_args: -Dmaven.multiModuleProjectDirectory=C:\Users\paras\Desktop\ATL3\miniProjets\atlg3_60085\TuringMachine -Dmaven.home=C:\Program Files\JetBrains\IntelliJ IDEA Community Edition 2022.2.2\plugins\maven\lib\maven3 -Dclassworlds.conf=C:\Program Files\JetBrains\IntelliJ IDEA Community Edition 2022.2.2\plugins\maven\lib\maven3\bin\m2.conf -Dmaven.ext.class.path=C:\Program Files\JetBrains\IntelliJ IDEA Community Edition 2022.2.2\plugins\maven\lib\maven-event-listener.jar -javaagent:C:\Program Files\JetBrains\IntelliJ IDEA Community Edition 2022.2.2\lib\idea_rt.jar=63422:C:\Program Files\JetBrains\IntelliJ IDEA Community Edition 2022.2.2\bin -Dfile.encoding=UTF-8 -Dsun.stdout.encoding=UTF-8 -Dsun.stderr.encoding=UTF-8 
java_command: org.codehaus.classworlds.Launcher -Didea.version=2022.2.2 org.openjfx:javafx-maven-plugin:0.0.8:run
java_class_path (initial): C:\Program Files\JetBrains\IntelliJ IDEA Community Edition 2022.2.2\plugins\maven\lib\maven3\boot\plexus-classworlds-2.6.0.jar;C:\Program Files\JetBrains\IntelliJ IDEA Community Edition 2022.2.2\plugins\maven\lib\maven3\boot\plexus-classworlds.license
Launcher Type: SUN_STANDARD

[Global flags]
     intx CICompilerCount                          = 4                                         {product} {ergonomic}
     uint ConcGCThreads                            = 2                                         {product} {ergonomic}
     uint G1ConcRefinementThreads                  = 8                                         {product} {ergonomic}
   size_t G1HeapRegionSize                         = 1048576                                   {product} {ergonomic}
    uintx GCDrainStackTargetSize                   = 64                                        {product} {ergonomic}
   size_t InitialHeapSize                          = 130023424                                 {product} {ergonomic}
   size_t MarkStackSize                            = 4194304                                   {product} {ergonomic}
   size_t MaxHeapSize                              = 2063597568                                {product} {ergonomic}
   size_t MaxNewSize                               = 1237319680                                {product} {ergonomic}
   size_t MinHeapDeltaBytes                        = 1048576                                   {product} {ergonomic}
   size_t MinHeapSize                              = 8388608                                   {product} {ergonomic}
    uintx NonNMethodCodeHeapSize                   = 5839372                                {pd product} {ergonomic}
    uintx NonProfiledCodeHeapSize                  = 122909434                              {pd product} {ergonomic}
    uintx ProfiledCodeHeapSize                     = 122909434                              {pd product} {ergonomic}
    uintx ReservedCodeCacheSize                    = 251658240                              {pd product} {ergonomic}
     bool SegmentedCodeCache                       = true                                      {product} {ergonomic}
   size_t SoftMaxHeapSize                          = 2063597568                             {manageable} {ergonomic}
     bool UseCompressedClassPointers               = true                           {product lp64_product} {ergonomic}
     bool UseCompressedOops                        = true                           {product lp64_product} {ergonomic}
     bool UseG1GC                                  = true                                      {product} {ergonomic}
     bool UseLargePagesIndividualAllocation        = false                                  {pd product} {ergonomic}

Logging:
Log output configuration:
 #0: stdout all=warning uptime,level,tags foldmultilines=false
 #1: stderr all=off uptime,level,tags foldmultilines=false

Environment Variables:
PATH=C:\Program Files\Common Files\Oracle\Java\javapath;C:\Program Files (x86)\Common Files\Oracle\Java\javapath;C:\WINDOWS\system32;C:\WINDOWS;C:\WINDOWS\System32\Wbem;C:\WINDOWS\System32\WindowsPowerShell\v1.0\;C:\WINDOWS\System32\OpenSSH\;C:\Program Files\Git\cmd;C:\Program Files (x86)\PuTTY\;C:\Program Files\VSCodium\bin;C:\Program Files\nodejs\;C:\Users\paras\AppData\Local\Programs\Python\Python310\Scripts\;C:\Users\paras\AppData\Local\Programs\Python\Python310\;C:\Users\paras\AppData\Local\Microsoft\WindowsApps;;C:\informatique\Microsoft VS Code\bin;C:\Users\paras\AppData\Roaming\npm
USERNAME=paras
OS=Windows_NT
PROCESSOR_IDENTIFIER=Intel64 Family 6 Model 140 Stepping 1, GenuineIntel



---------------  S Y S T E M  ---------------

OS:
 Windows 11 , 64 bit Build 22621 (10.0.22621.2506)
OS uptime: 24 days 23:29 hours

CPU: total 8 (initial active 8) (4 cores per cpu, 2 threads per core) family 6 model 140 stepping 1 microcode 0x86, cx8, cmov, fxsr, ht, mmx, 3dnowpref, sse, sse2, sse3, ssse3, sse4.1, sse4.2, popcnt, lzcnt, tsc, tscinvbit, avx, avx2, aes, erms, clmul, bmi1, bmi2, adx, avx512f, avx512dq, avx512cd, avx512bw, avx512vl, sha, fma, vzeroupper, avx512_vpopcntdq, avx512_vpclmulqdq, avx512_vaes, avx512_vnni, clflush, clflushopt, clwb, avx512_vbmi2, avx512_vbmi

Memory: 4k page, system-wide physical 7871M (360M free)
TotalPageFile size 32447M (AvailPageFile size 2M)
current process WorkingSet (physical memory assigned to process): 107M, peak: 107M
current process commit charge ("private bytes"): 237M, peak: 238M

vm_info: Java HotSpot(TM) 64-Bit Server VM (18.0.2.1+1-1) for windows-amd64 JRE (18.0.2.1+1-1), built on Aug 16 2022 01:46:33 by "mach5one" with MS VC++ 16.8 / 16.9 (VS2019)

END.
