#
# There is insufficient memory for the Java Runtime Environment to continue.
# Native memory allocation (malloc) failed to allocate 262784 bytes for Chunk::new
# Possible reasons:
#   The system is out of physical RAM or swap space
#   The process is running with CompressedOops enabled, and the Java Heap may be blocking the growth of the native heap
# Possible solutions:
#   Reduce memory load on the system
#   Increase physical memory or swap space
#   Check if swap backing store is full
#   Decrease Java heap size (-Xmx/-Xms)
#   Decrease number of Java threads
#   Decrease Java thread stack sizes (-Xss)
#   Set larger code cache with -XX:ReservedCodeCacheSize=
#   JVM is running with Unscaled Compressed Oops mode in which the Java heap is
#     placed in the first 4GB address space. The Java Heap base address is the
#     maximum limit for the native heap growth. Please use -XX:HeapBaseMinAddress
#     to set the Java Heap base and to place the Java Heap above 4GB virtual address.
# This output file may be truncated or incomplete.
#
#  Out of Memory Error (arena.cpp:184), pid=15264, tid=9544
#
# JRE version: Java(TM) SE Runtime Environment (18.0.2.1+1) (build 18.0.2.1+1-1)
# Java VM: Java HotSpot(TM) 64-Bit Server VM (18.0.2.1+1-1, mixed mode, sharing, tiered, compressed oops, compressed class ptrs, g1 gc, windows-amd64)
# No core dump will be written. Minidumps are not enabled by default on client versions of Windows
#

---------------  S U M M A R Y ------------

Command Line: -Dmaven.multiModuleProjectDirectory=C:\Users\paras\Desktop\ATL3\miniProjets\atlg3_60085\TuringMachine -Dmaven.home=C:\Program Files\JetBrains\IntelliJ IDEA Community Edition 2022.2.2\plugins\maven\lib\maven3 -Dclassworlds.conf=C:\Program Files\JetBrains\IntelliJ IDEA Community Edition 2022.2.2\plugins\maven\lib\maven3\bin\m2.conf -Dmaven.ext.class.path=C:\Program Files\JetBrains\IntelliJ IDEA Community Edition 2022.2.2\plugins\maven\lib\maven-event-listener.jar -javaagent:C:\Program Files\JetBrains\IntelliJ IDEA Community Edition 2022.2.2\lib\idea_rt.jar=63418:C:\Program Files\JetBrains\IntelliJ IDEA Community Edition 2022.2.2\bin -Dfile.encoding=UTF-8 -Dsun.stdout.encoding=UTF-8 -Dsun.stderr.encoding=UTF-8 org.codehaus.classworlds.Launcher -Didea.version=2022.2.2 org.openjfx:javafx-maven-plugin:0.0.8:run

Host: 11th Gen Intel(R) Core(TM) i7-1165G7 @ 2.80GHz, 8 cores, 7G,  Windows 11 , 64 bit Build 22621 (10.0.22621.2506)
Time: Tue Dec 12 23:00:41 2023 Paris, Madrid elapsed time: 0.537443 seconds (0d 0h 0m 0s)

---------------  T H R E A D  ---------------

Current thread (0x000001b13d5fddd0):  JavaThread "C2 CompilerThread0" daemon [_thread_in_native, id=9544, stack(0x00000083f5e00000,0x00000083f5f00000)]


Current CompileTask:
C2:    537  803   !   4       java.util.concurrent.ConcurrentHashMap::putVal (432 bytes)

Stack: [0x00000083f5e00000,0x00000083f5f00000]
Native frames: (J=compiled Java code, j=interpreted, Vv=VM code, C=native code)
V  [jvm.dll+0x6993aa]
V  [jvm.dll+0x7f46dd]
V  [jvm.dll+0x7f5fee]
V  [jvm.dll+0x7f66a3]
V  [jvm.dll+0x25cf1f]
V  [jvm.dll+0xb8c2f]
V  [jvm.dll+0xb8fa5]
V  [jvm.dll+0x3860cb]
V  [jvm.dll+0x34fe71]
V  [jvm.dll+0x34f30a]
V  [jvm.dll+0x230101]
V  [jvm.dll+0x22f4d1]
V  [jvm.dll+0x1ba01c]
V  [jvm.dll+0x23ee0a]
V  [jvm.dll+0x23d0f5]
V  [jvm.dll+0x7a6dd1]
V  [jvm.dll+0x7a120a]
V  [jvm.dll+0x698255]
C  [ucrtbase.dll+0x29363]
C  [KERNEL32.DLL+0x1257d]
C  [ntdll.dll+0x5aa58]


---------------  P R O C E S S  ---------------

Threads class SMR info:
_java_thread_list=0x000001b1419470e0, length=13, elements={
0x000001b11f68e510, 0x000001b13d5dec30, 0x000001b13d5df5d0, 0x000001b13d5f9500,
0x000001b13d5f9db0, 0x000001b13d5fc760, 0x000001b13d5fd100, 0x000001b13d5fddd0,
0x000001b13d607500, 0x000001b13d6086c0, 0x000001b13d5c5ce0, 0x000001b14194bac0,
0x000001b14194bf80
}

Java Threads: ( => current thread )
  0x000001b11f68e510 JavaThread "main" [_thread_in_Java, id=31248, stack(0x00000083f5100000,0x00000083f5200000)]
  0x000001b13d5dec30 JavaThread "Reference Handler" daemon [_thread_blocked, id=34476, stack(0x00000083f5800000,0x00000083f5900000)]
  0x000001b13d5df5d0 JavaThread "Finalizer" daemon [_thread_blocked, id=31592, stack(0x00000083f5900000,0x00000083f5a00000)]
  0x000001b13d5f9500 JavaThread "Signal Dispatcher" daemon [_thread_blocked, id=8280, stack(0x00000083f5a00000,0x00000083f5b00000)]
  0x000001b13d5f9db0 JavaThread "Attach Listener" daemon [_thread_blocked, id=20640, stack(0x00000083f5b00000,0x00000083f5c00000)]
  0x000001b13d5fc760 JavaThread "Service Thread" daemon [_thread_blocked, id=22952, stack(0x00000083f5c00000,0x00000083f5d00000)]
  0x000001b13d5fd100 JavaThread "Monitor Deflation Thread" daemon [_thread_blocked, id=8312, stack(0x00000083f5d00000,0x00000083f5e00000)]
=>0x000001b13d5fddd0 JavaThread "C2 CompilerThread0" daemon [_thread_in_native, id=9544, stack(0x00000083f5e00000,0x00000083f5f00000)]
  0x000001b13d607500 JavaThread "C1 CompilerThread0" daemon [_thread_blocked, id=652, stack(0x00000083f5f00000,0x00000083f6000000)]
  0x000001b13d6086c0 JavaThread "Sweeper thread" daemon [_thread_blocked, id=35792, stack(0x00000083f6000000,0x00000083f6100000)]
  0x000001b13d5c5ce0 JavaThread "Common-Cleaner" daemon [_thread_blocked, id=7180, stack(0x00000083f6100000,0x00000083f6200000)]
  0x000001b14194bac0 JavaThread "Monitor Ctrl-Break" daemon [_thread_in_native, id=12052, stack(0x00000083f6200000,0x00000083f6300000)]
  0x000001b14194bf80 JavaThread "Notification Thread" daemon [_thread_blocked, id=38668, stack(0x00000083f6300000,0x00000083f6400000)]

Other Threads:
  0x000001b13d5d83b0 VMThread "VM Thread" [stack: 0x00000083f5700000,0x00000083f5800000] [id=18920]
  0x000001b141953fa0 WatcherThread "VM Periodic Task Thread" [stack: 0x00000083f6400000,0x00000083f6500000] [id=31740]
  0x000001b11f6ecb30 WorkerThread "GC Thread#0" [stack: 0x00000083f5200000,0x00000083f5300000] [id=34948]
  0x000001b11f6fd070 ConcurrentGCThread "G1 Main Marker" [stack: 0x00000083f5300000,0x00000083f5400000] [id=10652]
  0x000001b11f6fda60 WorkerThread "G1 Conc#0" [stack: 0x00000083f5400000,0x00000083f5500000] [id=9288]
  0x000001b13d492090 ConcurrentGCThread "G1 Refine#0" [stack: 0x00000083f5500000,0x00000083f5600000] [id=17764]
  0x000001b13d4938c0 ConcurrentGCThread "G1 Service" [stack: 0x00000083f5600000,0x00000083f5700000] [id=35768]

Threads with active compile tasks:
C2 CompilerThread0      586  803   !   4       java.util.concurrent.ConcurrentHashMap::putVal (432 bytes)

VM state: not at safepoint (normal execution)

VM Mutex/Monitor currently owned by a thread: None

Heap address: 0x0000000085000000, size: 1968 MB, Compressed Oops mode: 32-bit

CDS archive(s) mapped at: [0x0000000800000000-0x0000000800ba0000-0x0000000800ba0000), size 12189696, SharedBaseAddress: 0x0000000800000000, ArchiveRelocationMode: 0.
Compressed class space mapped at: 0x0000000800c00000-0x0000000840c00000, reserved size: 1073741824
Narrow klass base: 0x0000000800000000, Narrow klass shift: 0, Narrow klass range: 0x100000000

GC Precious Log:
 CardTable entry size: 512
 Card Set container configuration: InlinePtr #cards 5 size 8 Array Of Cards #cards 12 size 40 Howl #buckets 4 coarsen threshold 1843 Howl Bitmap #cards 512 size 80 coarsen threshold 460 Card regions per heap region 1 cards per card region 2048
 CPUs: 8 total, 8 available
 Memory: 7871M
 Large Page Support: Disabled
 NUMA Support: Disabled
 Compressed Oops: Enabled (32-bit)
 Heap Region Size: 1M
 Heap Min Capacity: 8M
 Heap Initial Capacity: 124M
 Heap Max Capacity: 1968M
 Pre-touch: Disabled
 Parallel Workers: 8
 Concurrent Workers: 2
 Concurrent Refinement Workers: 8
 Periodic GC: Disabled

Heap:
 garbage-first heap   total 126976K, used 10240K [0x0000000085000000, 0x0000000100000000)
  region size 1024K, 12 young (12288K), 0 survivors (0K)
 Metaspace       used 3588K, committed 3712K, reserved 1114112K
  class space    used 352K, committed 384K, reserved 1048576K

Heap Regions: E=young(eden), S=young(survivor), O=old, HS=humongous(starts), HC=humongous(continues), CS=collection set, F=free, OA=open archive, CA=closed archive, TAMS=top-at-mark-start (previous, next)
|   0|0x0000000085000000, 0x0000000085000000, 0x0000000085100000|  0%| F|  |TAMS 0x0000000085000000, 0x0000000085000000| Untracked 
|   1|0x0000000085100000, 0x0000000085100000, 0x0000000085200000|  0%| F|  |TAMS 0x0000000085100000, 0x0000000085100000| Untracked 
|   2|0x0000000085200000, 0x0000000085200000, 0x0000000085300000|  0%| F|  |TAMS 0x0000000085200000, 0x0000000085200000| Untracked 
|   3|0x0000000085300000, 0x0000000085300000, 0x0000000085400000|  0%| F|  |TAMS 0x0000000085300000, 0x0000000085300000| Untracked 
|   4|0x0000000085400000, 0x0000000085400000, 0x0000000085500000|  0%| F|  |TAMS 0x0000000085400000, 0x0000000085400000| Untracked 
|   5|0x0000000085500000, 0x0000000085500000, 0x0000000085600000|  0%| F|  |TAMS 0x0000000085500000, 0x0000000085500000| Untracked 
|   6|0x0000000085600000, 0x0000000085600000, 0x0000000085700000|  0%| F|  |TAMS 0x0000000085600000, 0x0000000085600000| Untracked 
|   7|0x0000000085700000, 0x0000000085700000, 0x0000000085800000|  0%| F|  |TAMS 0x0000000085700000, 0x0000000085700000| Untracked 
|   8|0x0000000085800000, 0x0000000085800000, 0x0000000085900000|  0%| F|  |TAMS 0x0000000085800000, 0x0000000085800000| Untracked 
|   9|0x0000000085900000, 0x0000000085900000, 0x0000000085a00000|  0%| F|  |TAMS 0x0000000085900000, 0x0000000085900000| Untracked 
|  10|0x0000000085a00000, 0x0000000085a00000, 0x0000000085b00000|  0%| F|  |TAMS 0x0000000085a00000, 0x0000000085a00000| Untracked 
|  11|0x0000000085b00000, 0x0000000085b00000, 0x0000000085c00000|  0%| F|  |TAMS 0x0000000085b00000, 0x0000000085b00000| Untracked 
|  12|0x0000000085c00000, 0x0000000085c00000, 0x0000000085d00000|  0%| F|  |TAMS 0x0000000085c00000, 0x0000000085c00000| Untracked 
|  13|0x0000000085d00000, 0x0000000085d00000, 0x0000000085e00000|  0%| F|  |TAMS 0x0000000085d00000, 0x0000000085d00000| Untracked 
|  14|0x0000000085e00000, 0x0000000085e00000, 0x0000000085f00000|  0%| F|  |TAMS 0x0000000085e00000, 0x0000000085e00000| Untracked 
|  15|0x0000000085f00000, 0x0000000085f00000, 0x0000000086000000|  0%| F|  |TAMS 0x0000000085f00000, 0x0000000085f00000| Untracked 
|  16|0x0000000086000000, 0x0000000086000000, 0x0000000086100000|  0%| F|  |TAMS 0x0000000086000000, 0x0000000086000000| Untracked 
|  17|0x0000000086100000, 0x0000000086100000, 0x0000000086200000|  0%| F|  |TAMS 0x0000000086100000, 0x0000000086100000| Untracked 
|  18|0x0000000086200000, 0x0000000086200000, 0x0000000086300000|  0%| F|  |TAMS 0x0000000086200000, 0x0000000086200000| Untracked 
|  19|0x0000000086300000, 0x0000000086300000, 0x0000000086400000|  0%| F|  |TAMS 0x0000000086300000, 0x0000000086300000| Untracked 
|  20|0x0000000086400000, 0x0000000086400000, 0x0000000086500000|  0%| F|  |TAMS 0x0000000086400000, 0x0000000086400000| Untracked 
|  21|0x0000000086500000, 0x0000000086500000, 0x0000000086600000|  0%| F|  |TAMS 0x0000000086500000, 0x0000000086500000| Untracked 
|  22|0x0000000086600000, 0x0000000086600000, 0x0000000086700000|  0%| F|  |TAMS 0x0000000086600000, 0x0000000086600000| Untracked 
|  23|0x0000000086700000, 0x0000000086700000, 0x0000000086800000|  0%| F|  |TAMS 0x0000000086700000, 0x0000000086700000| Untracked 
|  24|0x0000000086800000, 0x0000000086800000, 0x0000000086900000|  0%| F|  |TAMS 0x0000000086800000, 0x0000000086800000| Untracked 
|  25|0x0000000086900000, 0x0000000086900000, 0x0000000086a00000|  0%| F|  |TAMS 0x0000000086900000, 0x0000000086900000| Untracked 
|  26|0x0000000086a00000, 0x0000000086a00000, 0x0000000086b00000|  0%| F|  |TAMS 0x0000000086a00000, 0x0000000086a00000| Untracked 
|  27|0x0000000086b00000, 0x0000000086b00000, 0x0000000086c00000|  0%| F|  |TAMS 0x0000000086b00000, 0x0000000086b00000| Untracked 
|  28|0x0000000086c00000, 0x0000000086c00000, 0x0000000086d00000|  0%| F|  |TAMS 0x0000000086c00000, 0x0000000086c00000| Untracked 
|  29|0x0000000086d00000, 0x0000000086d00000, 0x0000000086e00000|  0%| F|  |TAMS 0x0000000086d00000, 0x0000000086d00000| Untracked 
|  30|0x0000000086e00000, 0x0000000086e00000, 0x0000000086f00000|  0%| F|  |TAMS 0x0000000086e00000, 0x0000000086e00000| Untracked 
|  31|0x0000000086f00000, 0x0000000086f00000, 0x0000000087000000|  0%| F|  |TAMS 0x0000000086f00000, 0x0000000086f00000| Untracked 
|  32|0x0000000087000000, 0x0000000087000000, 0x0000000087100000|  0%| F|  |TAMS 0x0000000087000000, 0x0000000087000000| Untracked 
|  33|0x0000000087100000, 0x0000000087100000, 0x0000000087200000|  0%| F|  |TAMS 0x0000000087100000, 0x0000000087100000| Untracked 
|  34|0x0000000087200000, 0x0000000087200000, 0x0000000087300000|  0%| F|  |TAMS 0x0000000087200000, 0x0000000087200000| Untracked 
|  35|0x0000000087300000, 0x0000000087300000, 0x0000000087400000|  0%| F|  |TAMS 0x0000000087300000, 0x0000000087300000| Untracked 
|  36|0x0000000087400000, 0x0000000087400000, 0x0000000087500000|  0%| F|  |TAMS 0x0000000087400000, 0x0000000087400000| Untracked 
|  37|0x0000000087500000, 0x0000000087500000, 0x0000000087600000|  0%| F|  |TAMS 0x0000000087500000, 0x0000000087500000| Untracked 
|  38|0x0000000087600000, 0x0000000087600000, 0x0000000087700000|  0%| F|  |TAMS 0x0000000087600000, 0x0000000087600000| Untracked 
|  39|0x0000000087700000, 0x0000000087700000, 0x0000000087800000|  0%| F|  |TAMS 0x0000000087700000, 0x0000000087700000| Untracked 
|  40|0x0000000087800000, 0x0000000087800000, 0x0000000087900000|  0%| F|  |TAMS 0x0000000087800000, 0x0000000087800000| Untracked 
|  41|0x0000000087900000, 0x0000000087900000, 0x0000000087a00000|  0%| F|  |TAMS 0x0000000087900000, 0x0000000087900000| Untracked 
|  42|0x0000000087a00000, 0x0000000087a00000, 0x0000000087b00000|  0%| F|  |TAMS 0x0000000087a00000, 0x0000000087a00000| Untracked 
|  43|0x0000000087b00000, 0x0000000087b00000, 0x0000000087c00000|  0%| F|  |TAMS 0x0000000087b00000, 0x0000000087b00000| Untracked 
|  44|0x0000000087c00000, 0x0000000087c00000, 0x0000000087d00000|  0%| F|  |TAMS 0x0000000087c00000, 0x0000000087c00000| Untracked 
|  45|0x0000000087d00000, 0x0000000087d00000, 0x0000000087e00000|  0%| F|  |TAMS 0x0000000087d00000, 0x0000000087d00000| Untracked 
|  46|0x0000000087e00000, 0x0000000087e00000, 0x0000000087f00000|  0%| F|  |TAMS 0x0000000087e00000, 0x0000000087e00000| Untracked 
|  47|0x0000000087f00000, 0x0000000087f00000, 0x0000000088000000|  0%| F|  |TAMS 0x0000000087f00000, 0x0000000087f00000| Untracked 
|  48|0x0000000088000000, 0x0000000088000000, 0x0000000088100000|  0%| F|  |TAMS 0x0000000088000000, 0x0000000088000000| Untracked 
|  49|0x0000000088100000, 0x0000000088100000, 0x0000000088200000|  0%| F|  |TAMS 0x0000000088100000, 0x0000000088100000| Untracked 
|  50|0x0000000088200000, 0x0000000088200000, 0x0000000088300000|  0%| F|  |TAMS 0x0000000088200000, 0x0000000088200000| Untracked 
|  51|0x0000000088300000, 0x0000000088300000, 0x0000000088400000|  0%| F|  |TAMS 0x0000000088300000, 0x0000000088300000| Untracked 
|  52|0x0000000088400000, 0x0000000088400000, 0x0000000088500000|  0%| F|  |TAMS 0x0000000088400000, 0x0000000088400000| Untracked 
|  53|0x0000000088500000, 0x0000000088500000, 0x0000000088600000|  0%| F|  |TAMS 0x0000000088500000, 0x0000000088500000| Untracked 
|  54|0x0000000088600000, 0x0000000088600000, 0x0000000088700000|  0%| F|  |TAMS 0x0000000088600000, 0x0000000088600000| Untracked 
|  55|0x0000000088700000, 0x0000000088700000, 0x0000000088800000|  0%| F|  |TAMS 0x0000000088700000, 0x0000000088700000| Untracked 
|  56|0x0000000088800000, 0x0000000088800000, 0x0000000088900000|  0%| F|  |TAMS 0x0000000088800000, 0x0000000088800000| Untracked 
|  57|0x0000000088900000, 0x0000000088900000, 0x0000000088a00000|  0%| F|  |TAMS 0x0000000088900000, 0x0000000088900000| Untracked 
|  58|0x0000000088a00000, 0x0000000088a00000, 0x0000000088b00000|  0%| F|  |TAMS 0x0000000088a00000, 0x0000000088a00000| Untracked 
|  59|0x0000000088b00000, 0x0000000088b00000, 0x0000000088c00000|  0%| F|  |TAMS 0x0000000088b00000, 0x0000000088b00000| Untracked 
|  60|0x0000000088c00000, 0x0000000088c00000, 0x0000000088d00000|  0%| F|  |TAMS 0x0000000088c00000, 0x0000000088c00000| Untracked 
|  61|0x0000000088d00000, 0x0000000088d00000, 0x0000000088e00000|  0%| F|  |TAMS 0x0000000088d00000, 0x0000000088d00000| Untracked 
|  62|0x0000000088e00000, 0x0000000088e00000, 0x0000000088f00000|  0%| F|  |TAMS 0x0000000088e00000, 0x0000000088e00000| Untracked 
|  63|0x0000000088f00000, 0x0000000088f00000, 0x0000000089000000|  0%| F|  |TAMS 0x0000000088f00000, 0x0000000088f00000| Untracked 
|  64|0x0000000089000000, 0x0000000089000000, 0x0000000089100000|  0%| F|  |TAMS 0x0000000089000000, 0x0000000089000000| Untracked 
|  65|0x0000000089100000, 0x0000000089100000, 0x0000000089200000|  0%| F|  |TAMS 0x0000000089100000, 0x0000000089100000| Untracked 
|  66|0x0000000089200000, 0x0000000089200000, 0x0000000089300000|  0%| F|  |TAMS 0x0000000089200000, 0x0000000089200000| Untracked 
|  67|0x0000000089300000, 0x0000000089300000, 0x0000000089400000|  0%| F|  |TAMS 0x0000000089300000, 0x0000000089300000| Untracked 
|  68|0x0000000089400000, 0x0000000089400000, 0x0000000089500000|  0%| F|  |TAMS 0x0000000089400000, 0x0000000089400000| Untracked 
|  69|0x0000000089500000, 0x0000000089500000, 0x0000000089600000|  0%| F|  |TAMS 0x0000000089500000, 0x0000000089500000| Untracked 
|  70|0x0000000089600000, 0x0000000089600000, 0x0000000089700000|  0%| F|  |TAMS 0x0000000089600000, 0x0000000089600000| Untracked 
|  71|0x0000000089700000, 0x0000000089700000, 0x0000000089800000|  0%| F|  |TAMS 0x0000000089700000, 0x0000000089700000| Untracked 
|  72|0x0000000089800000, 0x0000000089800000, 0x0000000089900000|  0%| F|  |TAMS 0x0000000089800000, 0x0000000089800000| Untracked 
|  73|0x0000000089900000, 0x0000000089900000, 0x0000000089a00000|  0%| F|  |TAMS 0x0000000089900000, 0x0000000089900000| Untracked 
|  74|0x0000000089a00000, 0x0000000089a00000, 0x0000000089b00000|  0%| F|  |TAMS 0x0000000089a00000, 0x0000000089a00000| Untracked 
|  75|0x0000000089b00000, 0x0000000089b00000, 0x0000000089c00000|  0%| F|  |TAMS 0x0000000089b00000, 0x0000000089b00000| Untracked 
|  76|0x0000000089c00000, 0x0000000089c00000, 0x0000000089d00000|  0%| F|  |TAMS 0x0000000089c00000, 0x0000000089c00000| Untracked 
|  77|0x0000000089d00000, 0x0000000089d00000, 0x0000000089e00000|  0%| F|  |TAMS 0x0000000089d00000, 0x0000000089d00000| Untracked 
|  78|0x0000000089e00000, 0x0000000089e00000, 0x0000000089f00000|  0%| F|  |TAMS 0x0000000089e00000, 0x0000000089e00000| Untracked 
|  79|0x0000000089f00000, 0x0000000089f00000, 0x000000008a000000|  0%| F|  |TAMS 0x0000000089f00000, 0x0000000089f00000| Untracked 
|  80|0x000000008a000000, 0x000000008a000000, 0x000000008a100000|  0%| F|  |TAMS 0x000000008a000000, 0x000000008a000000| Untracked 
|  81|0x000000008a100000, 0x000000008a100000, 0x000000008a200000|  0%| F|  |TAMS 0x000000008a100000, 0x000000008a100000| Untracked 
|  82|0x000000008a200000, 0x000000008a200000, 0x000000008a300000|  0%| F|  |TAMS 0x000000008a200000, 0x000000008a200000| Untracked 
|  83|0x000000008a300000, 0x000000008a300000, 0x000000008a400000|  0%| F|  |TAMS 0x000000008a300000, 0x000000008a300000| Untracked 
|  84|0x000000008a400000, 0x000000008a400000, 0x000000008a500000|  0%| F|  |TAMS 0x000000008a400000, 0x000000008a400000| Untracked 
|  85|0x000000008a500000, 0x000000008a500000, 0x000000008a600000|  0%| F|  |TAMS 0x000000008a500000, 0x000000008a500000| Untracked 
|  86|0x000000008a600000, 0x000000008a600000, 0x000000008a700000|  0%| F|  |TAMS 0x000000008a600000, 0x000000008a600000| Untracked 
|  87|0x000000008a700000, 0x000000008a700000, 0x000000008a800000|  0%| F|  |TAMS 0x000000008a700000, 0x000000008a700000| Untracked 
|  88|0x000000008a800000, 0x000000008a800000, 0x000000008a900000|  0%| F|  |TAMS 0x000000008a800000, 0x000000008a800000| Untracked 
|  89|0x000000008a900000, 0x000000008a900000, 0x000000008aa00000|  0%| F|  |TAMS 0x000000008a900000, 0x000000008a900000| Untracked 
|  90|0x000000008aa00000, 0x000000008aa00000, 0x000000008ab00000|  0%| F|  |TAMS 0x000000008aa00000, 0x000000008aa00000| Untracked 
|  91|0x000000008ab00000, 0x000000008ab00000, 0x000000008ac00000|  0%| F|  |TAMS 0x000000008ab00000, 0x000000008ab00000| Untracked 
|  92|0x000000008ac00000, 0x000000008ac00000, 0x000000008ad00000|  0%| F|  |TAMS 0x000000008ac00000, 0x000000008ac00000| Untracked 
|  93|0x000000008ad00000, 0x000000008ad00000, 0x000000008ae00000|  0%| F|  |TAMS 0x000000008ad00000, 0x000000008ad00000| Untracked 
|  94|0x000000008ae00000, 0x000000008ae00000, 0x000000008af00000|  0%| F|  |TAMS 0x000000008ae00000, 0x000000008ae00000| Untracked 
|  95|0x000000008af00000, 0x000000008af00000, 0x000000008b000000|  0%| F|  |TAMS 0x000000008af00000, 0x000000008af00000| Untracked 
|  96|0x000000008b000000, 0x000000008b000000, 0x000000008b100000|  0%| F|  |TAMS 0x000000008b000000, 0x000000008b000000| Untracked 
|  97|0x000000008b100000, 0x000000008b100000, 0x000000008b200000|  0%| F|  |TAMS 0x000000008b100000, 0x000000008b100000| Untracked 
|  98|0x000000008b200000, 0x000000008b200000, 0x000000008b300000|  0%| F|  |TAMS 0x000000008b200000, 0x000000008b200000| Untracked 
|  99|0x000000008b300000, 0x000000008b300000, 0x000000008b400000|  0%| F|  |TAMS 0x000000008b300000, 0x000000008b300000| Untracked 
| 100|0x000000008b400000, 0x000000008b400000, 0x000000008b500000|  0%| F|  |TAMS 0x000000008b400000, 0x000000008b400000| Untracked 
| 101|0x000000008b500000, 0x000000008b500000, 0x000000008b600000|  0%| F|  |TAMS 0x000000008b500000, 0x000000008b500000| Untracked 
| 102|0x000000008b600000, 0x000000008b600000, 0x000000008b700000|  0%| F|  |TAMS 0x000000008b600000, 0x000000008b600000| Untracked 
| 103|0x000000008b700000, 0x000000008b700000, 0x000000008b800000|  0%| F|  |TAMS 0x000000008b700000, 0x000000008b700000| Untracked 
| 104|0x000000008b800000, 0x000000008b800000, 0x000000008b900000|  0%| F|  |TAMS 0x000000008b800000, 0x000000008b800000| Untracked 
| 105|0x000000008b900000, 0x000000008b900000, 0x000000008ba00000|  0%| F|  |TAMS 0x000000008b900000, 0x000000008b900000| Untracked 
| 106|0x000000008ba00000, 0x000000008ba00000, 0x000000008bb00000|  0%| F|  |TAMS 0x000000008ba00000, 0x000000008ba00000| Untracked 
| 107|0x000000008bb00000, 0x000000008bb00000, 0x000000008bc00000|  0%| F|  |TAMS 0x000000008bb00000, 0x000000008bb00000| Untracked 
| 108|0x000000008bc00000, 0x000000008bc00000, 0x000000008bd00000|  0%| F|  |TAMS 0x000000008bc00000, 0x000000008bc00000| Untracked 
| 109|0x000000008bd00000, 0x000000008bd00000, 0x000000008be00000|  0%| F|  |TAMS 0x000000008bd00000, 0x000000008bd00000| Untracked 
| 110|0x000000008be00000, 0x000000008be00000, 0x000000008bf00000|  0%| F|  |TAMS 0x000000008be00000, 0x000000008be00000| Untracked 
| 111|0x000000008bf00000, 0x000000008bf00000, 0x000000008c000000|  0%| F|  |TAMS 0x000000008bf00000, 0x000000008bf00000| Untracked 
| 112|0x000000008c000000, 0x000000008c0ec3a0, 0x000000008c100000| 92%| E|  |TAMS 0x000000008c000000, 0x000000008c000000| Complete 
| 113|0x000000008c100000, 0x000000008c200000, 0x000000008c200000|100%| E|CS|TAMS 0x000000008c100000, 0x000000008c100000| Complete 
| 114|0x000000008c200000, 0x000000008c300000, 0x000000008c300000|100%| E|CS|TAMS 0x000000008c200000, 0x000000008c200000| Complete 
| 115|0x000000008c300000, 0x000000008c400000, 0x000000008c400000|100%| E|CS|TAMS 0x000000008c300000, 0x000000008c300000| Complete 
| 116|0x000000008c400000, 0x000000008c500000, 0x000000008c500000|100%| E|CS|TAMS 0x000000008c400000, 0x000000008c400000| Complete 
| 117|0x000000008c500000, 0x000000008c600000, 0x000000008c600000|100%| E|CS|TAMS 0x000000008c500000, 0x000000008c500000| Complete 
| 118|0x000000008c600000, 0x000000008c700000, 0x000000008c700000|100%| E|CS|TAMS 0x000000008c600000, 0x000000008c600000| Complete 
| 119|0x000000008c700000, 0x000000008c800000, 0x000000008c800000|100%| E|CS|TAMS 0x000000008c700000, 0x000000008c700000| Complete 
| 120|0x000000008c800000, 0x000000008c900000, 0x000000008c900000|100%| E|CS|TAMS 0x000000008c800000, 0x000000008c800000| Complete 
| 121|0x000000008c900000, 0x000000008ca00000, 0x000000008ca00000|100%| E|  |TAMS 0x000000008c900000, 0x000000008c900000| Complete 
| 122|0x000000008ca00000, 0x000000008cb00000, 0x000000008cb00000|100%| E|CS|TAMS 0x000000008ca00000, 0x000000008ca00000| Complete 
| 123|0x000000008cb00000, 0x000000008cc00000, 0x000000008cc00000|100%| E|CS|TAMS 0x000000008cb00000, 0x000000008cb00000| Complete 

Card table byte_map: [0x000001b1366d0000,0x000001b136ab0000] _byte_map_base: 0x000001b1362a8000

Marking Bits (Prev, Next): (CMBitMap*) 0x000001b11f6ed140, (CMBitMap*) 0x000001b11f6ed180
 Prev Bits: [0x000001b136e90000, 0x000001b138d50000)
 Next Bits: [0x000001b138d50000, 0x000001b13ac10000)

Polling page: 0x000001b11ee50000

Metaspace:

Usage:
  Non-class:      3.18 MB used.
      Class:    352.94 KB used.
       Both:      3.53 MB used.

Virtual space:
  Non-class space:       64.00 MB reserved,       3.25 MB (  5%) committed,  1 nodes.
      Class space:        1.00 GB reserved,     448.00 KB ( <1%) committed,  1 nodes.
             Both:        1.06 GB reserved,       3.69 MB ( <1%) committed. 

Chunk freelists:
   Non-Class:  2.76 MB
       Class:  3.56 MB
        Both:  6.33 MB

MaxMetaspaceSize: unlimited
CompressedClassSpaceSize: 1.00 GB
Initial GC threshold: 21.00 MB
Current GC threshold: 21.00 MB
CDS: on
MetaspaceReclaimPolicy: balanced
 - commit_granule_bytes: 65536.
 - commit_granule_words: 8192.
 - virtual_space_node_default_size: 8388608.
 - enlarge_chunks_in_place: 1.
 - new_chunks_are_fully_committed: 0.
 - uncommit_free_chunks: 1.
 - use_allocation_guard: 0.


Internal statistics:

num_allocs_failed_limit: 0.
num_arena_births: 50.
num_arena_deaths: 0.
num_vsnodes_births: 2.
num_vsnodes_deaths: 0.
num_space_committed: 59.
num_space_uncommitted: 0.
num_chunks_returned_to_freelist: 0.
num_chunks_taken_from_freelist: 119.
num_chunk_merges: 0.
num_chunk_splits: 81.
num_chunks_enlarged: 60.
num_inconsistent_stats: 0.

CodeHeap 'non-profiled nmethods': size=120000Kb used=231Kb max_used=231Kb free=119769Kb
 bounds [0x000001b12ea90000, 0x000001b12ed00000, 0x000001b135fc0000]
CodeHeap 'profiled nmethods': size=120000Kb used=1623Kb max_used=1623Kb free=118376Kb
 bounds [0x000001b127560000, 0x000001b1277d0000, 0x000001b12ea90000]
CodeHeap 'non-nmethods': size=5760Kb used=1169Kb max_used=1178Kb free=4590Kb
 bounds [0x000001b126fc0000, 0x000001b127230000, 0x000001b127560000]
 total_blobs=1299 nmethods=860 adapters=352
 compilation: enabled
              stopped_count=0, restarted_count=0
 full_count=0

Compilation events (20 events):
Event: 0.529 Thread 0x000001b13d607500 nmethod 802 0x000001b1276cab90 code [0x000001b1276cad40, 0x000001b1276caf88]
Event: 0.529 Thread 0x000001b13d607500  788       3       sun.util.locale.LanguageTag::parseExtlangs (114 bytes)
Event: 0.530 Thread 0x000001b13d607500 nmethod 788 0x000001b1276cb090 code [0x000001b1276cb2e0, 0x000001b1276cbd98]
Event: 0.530 Thread 0x000001b13d607500  789       3       sun.util.locale.LanguageTag::parseScript (55 bytes)
Event: 0.530 Thread 0x000001b13d607500 nmethod 789 0x000001b1276cc110 code [0x000001b1276cc300, 0x000001b1276cc918]
Event: 0.530 Thread 0x000001b13d607500  790       3       sun.util.locale.LanguageTag::parseRegion (55 bytes)
Event: 0.530 Thread 0x000001b13d607500 nmethod 790 0x000001b1276ccb10 code [0x000001b1276ccce0, 0x000001b1276cd0d8]
Event: 0.530 Thread 0x000001b13d607500  793       3       sun.util.locale.LanguageTag::parsePrivateuse (144 bytes)
Event: 0.531 Thread 0x000001b13d607500 nmethod 793 0x000001b1276cd210 code [0x000001b1276cd500, 0x000001b1276ce4c8]
Event: 0.531 Thread 0x000001b13d607500  804       3       sun.util.locale.InternalLocaleBuilder::setLanguageTag (173 bytes)
Event: 0.533 Thread 0x000001b13d607500 nmethod 804 0x000001b1276cea10 code [0x000001b1276cee00, 0x000001b1276d09f8]
Event: 0.533 Thread 0x000001b13d607500  805       3       sun.util.locale.InternalLocaleBuilder::getBaseLocale (187 bytes)
Event: 0.534 Thread 0x000001b13d607500 nmethod 805 0x000001b1276d1110 code [0x000001b1276d1420, 0x000001b1276d2458]
Event: 0.534 Thread 0x000001b13d607500  806       3       sun.util.locale.InternalLocaleBuilder::getLocaleExtensions (65 bytes)
Event: 0.534 Thread 0x000001b13d607500 nmethod 806 0x000001b1276d2a90 code [0x000001b1276d2cc0, 0x000001b1276d3528]
Event: 0.534 Thread 0x000001b13d607500  807       3       sun.util.locale.BaseLocale$Cache::normalizeKey (9 bytes)
Event: 0.534 Thread 0x000001b13d607500 nmethod 807 0x000001b1276d3710 code [0x000001b1276d38c0, 0x000001b1276d3b68]
Event: 0.534 Thread 0x000001b13d607500  808       3       java.util.Locale$Cache::createObject (41 bytes)
Event: 0.534 Thread 0x000001b13d607500 nmethod 808 0x000001b1276d3c90 code [0x000001b1276d3e80, 0x000001b1276d46d8]
Event: 0.534 Thread 0x000001b13d607500  787       3       sun.util.locale.LanguageTag::isLanguage (29 bytes)

GC Heap History (0 events):
No events

Deoptimization events (20 events):
Event: 0.220 Thread 0x000001b11f68e510 Uncommon trap: trap_request=0xffffff45 fr.pc=0x000001b12eaab094 relative=0x0000000000000174
Event: 0.220 Thread 0x000001b11f68e510 Uncommon trap: reason=unstable_if action=reinterpret pc=0x000001b12eaab094 method=java.util.zip.ZipFile$Source.isMetaName([BII)Z @ 43 c2
Event: 0.220 Thread 0x000001b11f68e510 DEOPT PACKING pc=0x000001b12eaab094 sp=0x00000083f51fc600
Event: 0.220 Thread 0x000001b11f68e510 DEOPT UNPACKING pc=0x000001b127015c23 sp=0x00000083f51fc5a8 mode 2
Event: 0.231 Thread 0x000001b11f68e510 Uncommon trap: trap_request=0xffffff45 fr.pc=0x000001b12eab266c relative=0x000000000000088c
Event: 0.231 Thread 0x000001b11f68e510 Uncommon trap: reason=unstable_if action=reinterpret pc=0x000001b12eab266c method=java.util.HashMap.putVal(ILjava/lang/Object;Ljava/lang/Object;ZZ)Ljava/lang/Object; @ 181 c2
Event: 0.231 Thread 0x000001b11f68e510 DEOPT PACKING pc=0x000001b12eab266c sp=0x00000083f51fc300
Event: 0.231 Thread 0x000001b11f68e510 DEOPT UNPACKING pc=0x000001b127015c23 sp=0x00000083f51fc2b0 mode 2
Event: 0.447 Thread 0x000001b11f68e510 DEOPT PACKING pc=0x000001b12759d9f7 sp=0x00000083f51fe750
Event: 0.447 Thread 0x000001b11f68e510 DEOPT UNPACKING pc=0x000001b127016763 sp=0x00000083f51fdc10 mode 0
Event: 0.492 Thread 0x000001b11f68e510 DEOPT PACKING pc=0x000001b1275e9265 sp=0x00000083f51f8640
Event: 0.492 Thread 0x000001b11f68e510 DEOPT UNPACKING pc=0x000001b127016763 sp=0x00000083f51f7ab8 mode 0
Event: 0.531 Thread 0x000001b11f68e510 Uncommon trap: trap_request=0xffffff45 fr.pc=0x000001b12eaa49a0 relative=0x0000000000000400
Event: 0.531 Thread 0x000001b11f68e510 Uncommon trap: reason=unstable_if action=reinterpret pc=0x000001b12eaa49a0 method=java.lang.StringLatin1.canEncode(I)Z @ 4 c2
Event: 0.531 Thread 0x000001b11f68e510 DEOPT PACKING pc=0x000001b12eaa49a0 sp=0x00000083f51fe280
Event: 0.531 Thread 0x000001b11f68e510 DEOPT UNPACKING pc=0x000001b127015c23 sp=0x00000083f51fe1a8 mode 2
Event: 0.531 Thread 0x000001b11f68e510 Uncommon trap: trap_request=0xffffff45 fr.pc=0x000001b12eaba488 relative=0x00000000000003e8
Event: 0.531 Thread 0x000001b11f68e510 Uncommon trap: reason=unstable_if action=reinterpret pc=0x000001b12eaba488 method=java.lang.AbstractStringBuilder.isLatin1()Z @ 10 c2
Event: 0.531 Thread 0x000001b11f68e510 DEOPT PACKING pc=0x000001b12eaba488 sp=0x00000083f51fe290
Event: 0.531 Thread 0x000001b11f68e510 DEOPT UNPACKING pc=0x000001b127015c23 sp=0x00000083f51fe210 mode 2

Classes loaded (20 events):
Event: 0.465 Loading class java/io/EOFException
Event: 0.465 Loading class java/io/EOFException done
Event: 0.471 Loading class java/util/ArrayList$ListItr
Event: 0.471 Loading class java/util/ArrayList$ListItr done
Event: 0.482 Loading class java/lang/TypeNotPresentException
Event: 0.482 Loading class java/lang/TypeNotPresentException done
Event: 0.488 Loading class java/util/concurrent/atomic/AtomicReference
Event: 0.488 Loading class java/util/concurrent/atomic/AtomicReference done
Event: 0.496 Loading class java/text/ParseException
Event: 0.497 Loading class java/text/ParseException done
Event: 0.502 Loading class sun/util/calendar/ZoneInfoFile$Checksum
Event: 0.502 Loading class sun/util/calendar/ZoneInfoFile$Checksum done
Event: 0.504 Loading class jdk/internal/module/ModulePatcher$PatchedModuleReader
Event: 0.504 Loading class jdk/internal/module/ModulePatcher$PatchedModuleReader done
Event: 0.504 Loading class sun/net/www/protocol/jrt/Handler
Event: 0.504 Loading class sun/net/www/protocol/jrt/Handler done
Event: 0.530 Loading class sun/text/resources/cldr/FormatData_en
Event: 0.530 Loading class sun/text/resources/cldr/FormatData_en done
Event: 0.530 Loading class sun/text/resources/cldr/FormatData_en_US
Event: 0.530 Loading class sun/text/resources/cldr/FormatData_en_US done

Classes unloaded (0 events):
No events

Classes redefined (0 events):
No events

Internal exceptions (5 events):
Event: 0.085 Thread 0x000001b11f68e510 Exception <a 'java/lang/NoSuchMethodError'{0x000000008cab3510}: 'void java.lang.invoke.DirectMethodHandle$Holder.invokeStatic(java.lang.Object, java.lang.Object, java.lang.Object)'> (0x000000008cab3510) 
thrown [s\open\src\hotspot\share\interpreter\linkResolver.cpp, line 759]
Event: 0.090 Thread 0x000001b11f68e510 Exception <a 'java/lang/NoSuchMethodError'{0x000000008cacc228}: 'java.lang.Object java.lang.invoke.Invokers$Holder.invokeExact_MT(java.lang.Object, java.lang.Object, java.lang.Object, java.lang.Object, java.lang.Object)'> (0x000000008cacc228) 
thrown [s\open\src\hotspot\share\interpreter\linkResolver.cpp, line 759]
Event: 0.102 Thread 0x000001b14194bac0 Exception <a 'java/lang/NoSuchMethodError'{0x000000008caf2c58}: 'void java.lang.invoke.DirectMethodHandle$Holder.invokeStatic(java.lang.Object, java.lang.Object)'> (0x000000008caf2c58) 
thrown [s\open\src\hotspot\share\interpreter\linkResolver.cpp, line 759]
Event: 0.234 Thread 0x000001b11f68e510 Exception <a 'java/lang/NoSuchMethodError'{0x000000008c6fa368}: 'java.lang.Object java.lang.invoke.DirectMethodHandle$Holder.invokeStaticInit(java.lang.Object, int, int, int, int)'> (0x000000008c6fa368) 
thrown [s\open\src\hotspot\share\interpreter\linkResolver.cpp, line 759]
Event: 0.365 Thread 0x000001b11f68e510 Exception <a 'java/lang/NoSuchMethodError'{0x000000008c56fcd0}: 'java.lang.Object java.lang.invoke.DirectMethodHandle$Holder.invokeStaticInit(java.lang.Object, java.lang.Object, int, int, int, int)'> (0x000000008c56fcd0) 
thrown [s\open\src\hotspot\share\interpreter\linkResolver.cpp, line 759]

VM Operations (14 events):
Event: 0.057 Executing VM operation: HandshakeAllThreads
Event: 0.057 Executing VM operation: HandshakeAllThreads done
Event: 0.097 Executing VM operation: HandshakeAllThreads
Event: 0.097 Executing VM operation: HandshakeAllThreads done
Event: 0.200 Executing VM operation: HandshakeAllThreads
Event: 0.200 Executing VM operation: HandshakeAllThreads done
Event: 0.370 Executing VM operation: HandshakeAllThreads
Event: 0.370 Executing VM operation: HandshakeAllThreads done
Event: 0.386 Executing VM operation: HandshakeAllThreads
Event: 0.386 Executing VM operation: HandshakeAllThreads done
Event: 0.436 Executing VM operation: HandshakeAllThreads
Event: 0.436 Executing VM operation: HandshakeAllThreads done
Event: 0.471 Executing VM operation: HandshakeAllThreads
Event: 0.471 Executing VM operation: HandshakeAllThreads done

Events (20 events):
Event: 0.034 Thread 0x000001b13d5f9500 Thread added: 0x000001b13d5f9500
Event: 0.034 Thread 0x000001b13d5f9db0 Thread added: 0x000001b13d5f9db0
Event: 0.034 Thread 0x000001b13d5fc760 Thread added: 0x000001b13d5fc760
Event: 0.034 Thread 0x000001b13d5fd100 Thread added: 0x000001b13d5fd100
Event: 0.034 Thread 0x000001b13d5fddd0 Thread added: 0x000001b13d5fddd0
Event: 0.034 Thread 0x000001b13d607500 Thread added: 0x000001b13d607500
Event: 0.034 Thread 0x000001b13d6086c0 Thread added: 0x000001b13d6086c0
Event: 0.051 Thread 0x000001b13d5c5ce0 Thread added: 0x000001b13d5c5ce0
Event: 0.068 Loaded shared library C:\Program Files\Java\jdk-18.0.2.1\bin\zip.dll
Event: 0.071 Loaded shared library C:\Program Files\Java\jdk-18.0.2.1\bin\instrument.dll
Event: 0.077 Loaded shared library C:\Program Files\Java\jdk-18.0.2.1\bin\net.dll
Event: 0.078 Loaded shared library C:\Program Files\Java\jdk-18.0.2.1\bin\nio.dll
Event: 0.080 Loaded shared library C:\Program Files\Java\jdk-18.0.2.1\bin\zip.dll
Event: 0.094 Loaded shared library C:\Program Files\JetBrains\IntelliJ IDEA Community Edition 2022.2.2\bin\breakgen64.dll
Event: 0.095 Thread 0x000001b14194bac0 Thread added: 0x000001b14194bac0
Event: 0.095 Thread 0x000001b14194bf80 Thread added: 0x000001b14194bf80
Event: 0.201 Loaded shared library C:\Program Files\Java\jdk-18.0.2.1\bin\verify.dll
Event: 0.214 Loaded shared library C:\Program Files\Java\jdk-18.0.2.1\bin\jimage.dll
Event: 0.384 Loaded shared library C:\Users\paras\AppData\Local\Temp\jansi-1.17.1-12407050424062770184.dll
Event: 0.396 Loaded shared library C:\Users\paras\AppData\Local\Temp\jansi-1.17.1-13355185614965070840.dll


Dynamic libraries:
0x00007ff679ff0000 - 0x00007ff67a000000 	C:\Program Files\Java\jdk-18.0.2.1\bin\java.exe
0x00007ffee1810000 - 0x00007ffee1a27000 	C:\WINDOWS\SYSTEM32\ntdll.dll
0x00007ffee10f0000 - 0x00007ffee11b4000 	C:\WINDOWS\System32\KERNEL32.DLL
0x00007ffedeb80000 - 0x00007ffedef25000 	C:\WINDOWS\System32\KERNELBASE.dll
0x00007ffedef30000 - 0x00007ffedf041000 	C:\WINDOWS\System32\ucrtbase.dll
0x00007ffed4f30000 - 0x00007ffed4f48000 	C:\Program Files\Java\jdk-18.0.2.1\bin\jli.dll
0x00007ffed4f10000 - 0x00007ffed4f2a000 	C:\Program Files\Java\jdk-18.0.2.1\bin\VCRUNTIME140.dll
0x00007ffee11e0000 - 0x00007ffee1291000 	C:\WINDOWS\System32\ADVAPI32.dll
0x00007ffee1720000 - 0x00007ffee17c7000 	C:\WINDOWS\System32\msvcrt.dll
0x00007ffee12c0000 - 0x00007ffee1366000 	C:\WINDOWS\System32\sechost.dll
0x00007ffedfdc0000 - 0x00007ffedfed7000 	C:\WINDOWS\System32\RPCRT4.dll
0x00007ffee08f0000 - 0x00007ffee0a9e000 	C:\WINDOWS\System32\USER32.dll
0x00007ffedf110000 - 0x00007ffedf136000 	C:\WINDOWS\System32\win32u.dll
0x00007ffee1370000 - 0x00007ffee1399000 	C:\WINDOWS\System32\GDI32.dll
0x00007ffedf140000 - 0x00007ffedf259000 	C:\WINDOWS\System32\gdi32full.dll
0x00007ffedf440000 - 0x00007ffedf4da000 	C:\WINDOWS\System32\msvcp_win.dll
0x00007ffecf050000 - 0x00007ffecf2e3000 	C:\WINDOWS\WinSxS\amd64_microsoft.windows.common-controls_6595b64144ccf1df_6.0.22621.2506_none_270c5ae97388e100\COMCTL32.dll
0x00007ffed3b70000 - 0x00007ffed3b7a000 	C:\WINDOWS\SYSTEM32\VERSION.dll
0x00007ffee0e90000 - 0x00007ffee0ec1000 	C:\WINDOWS\System32\IMM32.DLL
0x00007ffed4d80000 - 0x00007ffed4d8c000 	C:\Program Files\Java\jdk-18.0.2.1\bin\vcruntime140_1.dll
0x00007ffed27f0000 - 0x00007ffed287d000 	C:\Program Files\Java\jdk-18.0.2.1\bin\msvcp140.dll
0x00007ffe5c400000 - 0x00007ffe5d011000 	C:\Program Files\Java\jdk-18.0.2.1\bin\server\jvm.dll
0x00007ffee08e0000 - 0x00007ffee08e8000 	C:\WINDOWS\System32\PSAPI.DLL
0x00007ffeb5ae0000 - 0x00007ffeb5ae9000 	C:\WINDOWS\SYSTEM32\WSOCK32.dll
0x00007ffee13a0000 - 0x00007ffee1411000 	C:\WINDOWS\System32\WS2_32.dll
0x00007ffed4d20000 - 0x00007ffed4d54000 	C:\WINDOWS\SYSTEM32\WINMM.dll
0x00007ffeddb80000 - 0x00007ffeddb98000 	C:\WINDOWS\SYSTEM32\kernel.appcore.dll
0x00007ffed4d70000 - 0x00007ffed4d7a000 	C:\Program Files\Java\jdk-18.0.2.1\bin\jimage.dll
0x00007ffedc640000 - 0x00007ffedc873000 	C:\WINDOWS\SYSTEM32\DBGHELP.DLL
0x00007ffee0550000 - 0x00007ffee08d9000 	C:\WINDOWS\System32\combase.dll
0x00007ffee0c50000 - 0x00007ffee0d27000 	C:\WINDOWS\System32\OLEAUT32.dll
0x00007ffed3e60000 - 0x00007ffed3e92000 	C:\WINDOWS\SYSTEM32\dbgcore.DLL
0x00007ffedf4e0000 - 0x00007ffedf55a000 	C:\WINDOWS\System32\bcryptPrimitives.dll
0x00007ffed2ed0000 - 0x00007ffed2ede000 	C:\Program Files\Java\jdk-18.0.2.1\bin\instrument.dll
0x00007ffed4220000 - 0x00007ffed4245000 	C:\Program Files\Java\jdk-18.0.2.1\bin\java.dll
0x00007ffecbdf0000 - 0x00007ffecbec6000 	C:\Program Files\Java\jdk-18.0.2.1\bin\jsvml.dll
0x00007ffedf560000 - 0x00007ffedfdb9000 	C:\WINDOWS\System32\SHELL32.dll
0x00007ffedcaa0000 - 0x00007ffedd394000 	C:\WINDOWS\SYSTEM32\windows.storage.dll
0x00007ffedc960000 - 0x00007ffedca9e000 	C:\WINDOWS\SYSTEM32\wintypes.dll
0x00007ffee0aa0000 - 0x00007ffee0b93000 	C:\WINDOWS\System32\SHCORE.dll
0x00007ffee1520000 - 0x00007ffee157e000 	C:\WINDOWS\System32\shlwapi.dll
0x00007ffedeab0000 - 0x00007ffedead6000 	C:\WINDOWS\SYSTEM32\profapi.dll
0x00007ffed4200000 - 0x00007ffed4218000 	C:\Program Files\Java\jdk-18.0.2.1\bin\zip.dll
0x00007ffed41e0000 - 0x00007ffed41f3000 	C:\Program Files\Java\jdk-18.0.2.1\bin\net.dll
0x00007ffed7f50000 - 0x00007ffed8087000 	C:\WINDOWS\SYSTEM32\WINHTTP.dll
0x00007ffede000000 - 0x00007ffede069000 	C:\WINDOWS\system32\mswsock.dll
0x00007ffed2f00000 - 0x00007ffed2f16000 	C:\Program Files\Java\jdk-18.0.2.1\bin\nio.dll
0x00007ffed2d20000 - 0x00007ffed2d3a000 	C:\Program Files\JetBrains\IntelliJ IDEA Community Edition 2022.2.2\bin\breakgen64.dll
0x00007ffed3b60000 - 0x00007ffed3b70000 	C:\Program Files\Java\jdk-18.0.2.1\bin\verify.dll
0x00007ffede2c0000 - 0x00007ffede2db000 	C:\WINDOWS\SYSTEM32\CRYPTSP.dll
0x00007ffeddae0000 - 0x00007ffeddb15000 	C:\WINDOWS\system32\rsaenh.dll
0x00007ffede160000 - 0x00007ffede18c000 	C:\WINDOWS\SYSTEM32\USERENV.dll
0x00007ffede530000 - 0x00007ffede558000 	C:\WINDOWS\SYSTEM32\bcrypt.dll
0x00007ffede2e0000 - 0x00007ffede2ec000 	C:\WINDOWS\SYSTEM32\CRYPTBASE.dll
0x00007ffedd640000 - 0x00007ffedd66d000 	C:\WINDOWS\SYSTEM32\IPHLPAPI.DLL
0x00007ffee0e80000 - 0x00007ffee0e89000 	C:\WINDOWS\System32\NSI.dll
0x00007ffed4f50000 - 0x00007ffed4f69000 	C:\WINDOWS\SYSTEM32\dhcpcsvc6.DLL
0x00007ffed5220000 - 0x00007ffed523f000 	C:\WINDOWS\SYSTEM32\dhcpcsvc.DLL
0x00007ffedd670000 - 0x00007ffedd769000 	C:\WINDOWS\SYSTEM32\DNSAPI.dll
0x00007ffebf2d0000 - 0x00007ffebf2da000 	C:\Users\paras\AppData\Local\Temp\jansi-1.17.1-12407050424062770184.dll
0x00007ffebee10000 - 0x00007ffebee1a000 	C:\Users\paras\AppData\Local\Temp\jansi-1.17.1-13355185614965070840.dll

dbghelp: loaded successfully - version: 4.0.5 - missing functions: none
symbol engine: initialized successfully - sym options: 0x614 - pdb path: .;C:\Program Files\Java\jdk-18.0.2.1\bin;C:\WINDOWS\SYSTEM32;C:\WINDOWS\WinSxS\amd64_microsoft.windows.common-controls_6595b64144ccf1df_6.0.22621.2506_none_270c5ae97388e100;C:\Program Files\Java\jdk-18.0.2.1\bin\server;C:\Program Files\JetBrains\IntelliJ IDEA Community Edition 2022.2.2\bin;C:\Users\paras\AppData\Local\Temp

VM Arguments:
jvm_args: -Dmaven.multiModuleProjectDirectory=C:\Users\paras\Desktop\ATL3\miniProjets\atlg3_60085\TuringMachine -Dmaven.home=C:\Program Files\JetBrains\IntelliJ IDEA Community Edition 2022.2.2\plugins\maven\lib\maven3 -Dclassworlds.conf=C:\Program Files\JetBrains\IntelliJ IDEA Community Edition 2022.2.2\plugins\maven\lib\maven3\bin\m2.conf -Dmaven.ext.class.path=C:\Program Files\JetBrains\IntelliJ IDEA Community Edition 2022.2.2\plugins\maven\lib\maven-event-listener.jar -javaagent:C:\Program Files\JetBrains\IntelliJ IDEA Community Edition 2022.2.2\lib\idea_rt.jar=63418:C:\Program Files\JetBrains\IntelliJ IDEA Community Edition 2022.2.2\bin -Dfile.encoding=UTF-8 -Dsun.stdout.encoding=UTF-8 -Dsun.stderr.encoding=UTF-8 
java_command: org.codehaus.classworlds.Launcher -Didea.version=2022.2.2 org.openjfx:javafx-maven-plugin:0.0.8:run
java_class_path (initial): C:\Program Files\JetBrains\IntelliJ IDEA Community Edition 2022.2.2\plugins\maven\lib\maven3\boot\plexus-classworlds-2.6.0.jar;C:\Program Files\JetBrains\IntelliJ IDEA Community Edition 2022.2.2\plugins\maven\lib\maven3\boot\plexus-classworlds.license
Launcher Type: SUN_STANDARD

[Global flags]
     intx CICompilerCount                          = 4                                         {product} {ergonomic}
     uint ConcGCThreads                            = 2                                         {product} {ergonomic}
     uint G1ConcRefinementThreads                  = 8                                         {product} {ergonomic}
   size_t G1HeapRegionSize                         = 1048576                                   {product} {ergonomic}
    uintx GCDrainStackTargetSize                   = 64                                        {product} {ergonomic}
   size_t InitialHeapSize                          = 130023424                                 {product} {ergonomic}
   size_t MarkStackSize                            = 4194304                                   {product} {ergonomic}
   size_t MaxHeapSize                              = 2063597568                                {product} {ergonomic}
   size_t MaxNewSize                               = 1237319680                                {product} {ergonomic}
   size_t MinHeapDeltaBytes                        = 1048576                                   {product} {ergonomic}
   size_t MinHeapSize                              = 8388608                                   {product} {ergonomic}
    uintx NonNMethodCodeHeapSize                   = 5839372                                {pd product} {ergonomic}
    uintx NonProfiledCodeHeapSize                  = 122909434                              {pd product} {ergonomic}
    uintx ProfiledCodeHeapSize                     = 122909434                              {pd product} {ergonomic}
    uintx ReservedCodeCacheSize                    = 251658240                              {pd product} {ergonomic}
     bool SegmentedCodeCache                       = true                                      {product} {ergonomic}
   size_t SoftMaxHeapSize                          = 2063597568                             {manageable} {ergonomic}
     bool UseCompressedClassPointers               = true                           {product lp64_product} {ergonomic}
     bool UseCompressedOops                        = true                           {product lp64_product} {ergonomic}
     bool UseG1GC                                  = true                                      {product} {ergonomic}
     bool UseLargePagesIndividualAllocation        = false                                  {pd product} {ergonomic}

Logging:
Log output configuration:
 #0: stdout all=warning uptime,level,tags foldmultilines=false
 #1: stderr all=off uptime,level,tags foldmultilines=false

Environment Variables:
PATH=C:\Program Files\Common Files\Oracle\Java\javapath;C:\Program Files (x86)\Common Files\Oracle\Java\javapath;C:\WINDOWS\system32;C:\WINDOWS;C:\WINDOWS\System32\Wbem;C:\WINDOWS\System32\WindowsPowerShell\v1.0\;C:\WINDOWS\System32\OpenSSH\;C:\Program Files\Git\cmd;C:\Program Files (x86)\PuTTY\;C:\Program Files\VSCodium\bin;C:\Program Files\nodejs\;C:\Users\paras\AppData\Local\Programs\Python\Python310\Scripts\;C:\Users\paras\AppData\Local\Programs\Python\Python310\;C:\Users\paras\AppData\Local\Microsoft\WindowsApps;;C:\informatique\Microsoft VS Code\bin;C:\Users\paras\AppData\Roaming\npm
USERNAME=paras
OS=Windows_NT
PROCESSOR_IDENTIFIER=Intel64 Family 6 Model 140 Stepping 1, GenuineIntel



---------------  S Y S T E M  ---------------

OS:
 Windows 11 , 64 bit Build 22621 (10.0.22621.2506)
OS uptime: 24 days 23:29 hours

CPU: total 8 (initial active 8) (4 cores per cpu, 2 threads per core) family 6 model 140 stepping 1 microcode 0x86, cx8, cmov, fxsr, ht, mmx, 3dnowpref, sse, sse2, sse3, ssse3, sse4.1, sse4.2, popcnt, lzcnt, tsc, tscinvbit, avx, avx2, aes, erms, clmul, bmi1, bmi2, adx, avx512f, avx512dq, avx512cd, avx512bw, avx512vl, sha, fma, vzeroupper, avx512_vpopcntdq, avx512_vpclmulqdq, avx512_vaes, avx512_vnni, clflush, clflushopt, clwb, avx512_vbmi2, avx512_vbmi

Memory: 4k page, system-wide physical 7871M (366M free)
TotalPageFile size 32447M (AvailPageFile size 0M)
current process WorkingSet (physical memory assigned to process): 56M, peak: 56M
current process commit charge ("private bytes"): 215M, peak: 215M

vm_info: Java HotSpot(TM) 64-Bit Server VM (18.0.2.1+1-1) for windows-amd64 JRE (18.0.2.1+1-1), built on Aug 16 2022 01:46:33 by "mach5one" with MS VC++ 16.8 / 16.9 (VS2019)

END.
