#
# There is insufficient memory for the Java Runtime Environment to continue.
# Native memory allocation (malloc) failed to allocate 1048576 bytes for AllocateHeap
# Possible reasons:
#   The system is out of physical RAM or swap space
#   The process is running with CompressedOops enabled, and the Java Heap may be blocking the growth of the native heap
# Possible solutions:
#   Reduce memory load on the system
#   Increase physical memory or swap space
#   Check if swap backing store is full
#   Decrease Java heap size (-Xmx/-Xms)
#   Decrease number of Java threads
#   Decrease Java thread stack sizes (-Xss)
#   Set larger code cache with -XX:ReservedCodeCacheSize=
#   JVM is running with Unscaled Compressed Oops mode in which the Java heap is
#     placed in the first 4GB address space. The Java Heap base address is the
#     maximum limit for the native heap growth. Please use -XX:HeapBaseMinAddress
#     to set the Java Heap base and to place the Java Heap above 4GB virtual address.
# This output file may be truncated or incomplete.
#
#  Out of Memory Error (allocation.cpp:44), pid=16132, tid=8972
#
# JRE version:  (18.0.2.1+1) (build )
# Java VM: Java HotSpot(TM) 64-Bit Server VM (18.0.2.1+1-1, mixed mode, sharing, tiered, compressed oops, compressed class ptrs, g1 gc, windows-amd64)
# No core dump will be written. Minidumps are not enabled by default on client versions of Windows
#

---------------  S U M M A R Y ------------

Command Line: --module-path=C:\Users\paras\.m2\repository\org\openjfx\javafx-base\17.0.2\javafx-base-17.0.2-win.jar;C:\Users\paras\.m2\repository\org\openjfx\javafx-base\17.0.2\javafx-base-17.0.2.jar;C:\Users\paras\.m2\repository\org\openjfx\javafx-controls\17.0.2\javafx-controls-17.0.2-win.jar;C:\Users\paras\.m2\repository\org\openjfx\javafx-controls\17.0.2\javafx-controls-17.0.2.jar;C:\Users\paras\.m2\repository\org\openjfx\javafx-fxml\17.0.2\javafx-fxml-17.0.2-win.jar;C:\Users\paras\.m2\repository\org\openjfx\javafx-fxml\17.0.2\javafx-fxml-17.0.2.jar;C:\Users\paras\.m2\repository\org\openjfx\javafx-graphics\17.0.2\javafx-graphics-17.0.2-win.jar;C:\Users\paras\.m2\repository\org\openjfx\javafx-graphics\17.0.2\javafx-graphics-17.0.2.jar --add-modules=javafx.base,javafx.controls,javafx.fxml,javafx.graphics javaFx.Main

Host: 11th Gen Intel(R) Core(TM) i7-1165G7 @ 2.80GHz, 8 cores, 7G,  Windows 11 , 64 bit Build 22621 (10.0.22621.2506)
Time: Thu Dec 14 14:28:01 2023 Paris, Madrid elapsed time: 0.010188 seconds (0d 0h 0m 0s)

---------------  T H R E A D  ---------------

Current thread (0x00000252c05afd20):  JavaThread "Unknown thread" [_thread_in_vm, id=8972, stack(0x000000cf4ad00000,0x000000cf4ae00000)]

Stack: [0x000000cf4ad00000,0x000000cf4ae00000]
Native frames: (J=compiled Java code, j=interpreted, Vv=VM code, C=native code)
V  [jvm.dll+0x6993aa]
V  [jvm.dll+0x7f46dd]
V  [jvm.dll+0x7f5fee]
V  [jvm.dll+0x7f66a3]
V  [jvm.dll+0x25cf1f]
V  [jvm.dll+0xb31af]
V  [jvm.dll+0x2f7f89]
V  [jvm.dll+0x7c32db]
V  [jvm.dll+0x38be61]
V  [jvm.dll+0x7a2023]
V  [jvm.dll+0x40dc3f]
V  [jvm.dll+0x40f611]
C  [jli.dll+0x526b]
C  [ucrtbase.dll+0x29363]
C  [KERNEL32.DLL+0x1257d]
C  [ntdll.dll+0x5aa58]


---------------  P R O C E S S  ---------------

Threads class SMR info:
_java_thread_list=0x00007ffc99b9e550, length=0, elements={
}

Java Threads: ( => current thread )

Other Threads:

=>0x00000252c05afd20 (exited) JavaThread "Unknown thread" [_thread_in_vm, id=8972, stack(0x000000cf4ad00000,0x000000cf4ae00000)]

Threads with active compile tasks:

VM state: not at safepoint (not fully initialized)

VM Mutex/Monitor currently owned by a thread: None

Heap address: 0x0000000000000000, size: 0 MB, Compressed Oops mode: 32-bit

CDS archive(s) mapped at: [0x0000000000000000-0x0000000000000000-0x0000000000000000), size 0, SharedBaseAddress: 0x0000000800000000, ArchiveRelocationMode: 0.
Narrow klass base: 0x0000000000000000, Narrow klass shift: 0, Narrow klass range: 0x0

GC Precious Log:
 CardTable entry size: 512
 Card Set container configuration: InlinePtr #cards 5 size 8 Array Of Cards #cards 12 size 40 Howl #buckets 4 coarsen threshold 1843 Howl Bitmap #cards 512 size 80 coarsen threshold 460 Card regions per heap region 1 cards per card region 2048

GC Heap History (0 events):
No events

Deoptimization events (0 events):
No events

Classes loaded (0 events):
No events

Classes unloaded (0 events):
No events

Classes redefined (0 events):
No events

Internal exceptions (0 events):
No events

VM Operations (0 events):
No events

Events (1 events):
Event: 0.006 Loaded shared library C:\Program Files\Java\jdk-18.0.2.1\bin\java.dll


Dynamic libraries:
0x00007ff65f550000 - 0x00007ff65f560000 	C:\Program Files\Java\jdk-18.0.2.1\bin\java.exe
0x00007ffd190b0000 - 0x00007ffd192c7000 	C:\WINDOWS\SYSTEM32\ntdll.dll
0x00007ffd17b50000 - 0x00007ffd17c14000 	C:\WINDOWS\System32\KERNEL32.DLL
0x00007ffd16800000 - 0x00007ffd16ba6000 	C:\WINDOWS\System32\KERNELBASE.dll
0x00007ffd165c0000 - 0x00007ffd166d1000 	C:\WINDOWS\System32\ucrtbase.dll
0x00007ffcdc330000 - 0x00007ffcdc348000 	C:\Program Files\Java\jdk-18.0.2.1\bin\jli.dll
0x00007ffd18fb0000 - 0x00007ffd19061000 	C:\WINDOWS\System32\ADVAPI32.dll
0x00007ffd17240000 - 0x00007ffd172e7000 	C:\WINDOWS\System32\msvcrt.dll
0x00007ffd188d0000 - 0x00007ffd18975000 	C:\WINDOWS\System32\sechost.dll
0x00007ffd187b0000 - 0x00007ffd188c7000 	C:\WINDOWS\System32\RPCRT4.dll
0x00007ffd17430000 - 0x00007ffd175de000 	C:\WINDOWS\System32\USER32.dll
0x00007ffd16420000 - 0x00007ffd16446000 	C:\WINDOWS\System32\win32u.dll
0x00007ffd175f0000 - 0x00007ffd17619000 	C:\WINDOWS\System32\GDI32.dll
0x00007ffd16ce0000 - 0x00007ffd16df8000 	C:\WINDOWS\System32\gdi32full.dll
0x00007ffd166e0000 - 0x00007ffd1677a000 	C:\WINDOWS\System32\msvcp_win.dll
0x00007ffcdc310000 - 0x00007ffcdc32a000 	C:\Program Files\Java\jdk-18.0.2.1\bin\VCRUNTIME140.dll
0x00007ffd06fb0000 - 0x00007ffd07243000 	C:\WINDOWS\WinSxS\amd64_microsoft.windows.common-controls_6595b64144ccf1df_6.0.22621.2506_none_270c5ae97388e100\COMCTL32.dll
0x00007ffd0cee0000 - 0x00007ffd0ceea000 	C:\WINDOWS\SYSTEM32\VERSION.dll
0x00007ffd172f0000 - 0x00007ffd17321000 	C:\WINDOWS\System32\IMM32.DLL
0x00007ffcdfd10000 - 0x00007ffcdfd1c000 	C:\Program Files\Java\jdk-18.0.2.1\bin\vcruntime140_1.dll
0x00007ffca0fb0000 - 0x00007ffca103d000 	C:\Program Files\Java\jdk-18.0.2.1\bin\msvcp140.dll
0x00007ffc990c0000 - 0x00007ffc99cd1000 	C:\Program Files\Java\jdk-18.0.2.1\bin\server\jvm.dll
0x00007ffd18620000 - 0x00007ffd18628000 	C:\WINDOWS\System32\PSAPI.DLL
0x00007ffd031e0000 - 0x00007ffd031e9000 	C:\WINDOWS\SYSTEM32\WSOCK32.dll
0x00007ffd0c710000 - 0x00007ffd0c744000 	C:\WINDOWS\SYSTEM32\WINMM.dll
0x00007ffd18730000 - 0x00007ffd187a1000 	C:\WINDOWS\System32\WS2_32.dll
0x00007ffd15420000 - 0x00007ffd15438000 	C:\WINDOWS\SYSTEM32\kernel.appcore.dll
0x00007ffcdfb00000 - 0x00007ffcdfb0a000 	C:\Program Files\Java\jdk-18.0.2.1\bin\jimage.dll
0x00007ffd13ee0000 - 0x00007ffd14113000 	C:\WINDOWS\SYSTEM32\DBGHELP.DLL
0x00007ffd177c0000 - 0x00007ffd17b49000 	C:\WINDOWS\System32\combase.dll
0x00007ffd16fa0000 - 0x00007ffd17077000 	C:\WINDOWS\System32\OLEAUT32.dll
0x00007ffd0b6f0000 - 0x00007ffd0b722000 	C:\WINDOWS\SYSTEM32\dbgcore.DLL
0x00007ffd16780000 - 0x00007ffd167fa000 	C:\WINDOWS\System32\bcryptPrimitives.dll
0x00007ffccc850000 - 0x00007ffccc875000 	C:\Program Files\Java\jdk-18.0.2.1\bin\java.dll

dbghelp: loaded successfully - version: 4.0.5 - missing functions: none
symbol engine: initialized successfully - sym options: 0x614 - pdb path: .;C:\Program Files\Java\jdk-18.0.2.1\bin;C:\WINDOWS\SYSTEM32;C:\WINDOWS\WinSxS\amd64_microsoft.windows.common-controls_6595b64144ccf1df_6.0.22621.2506_none_270c5ae97388e100;C:\Program Files\Java\jdk-18.0.2.1\bin\server

VM Arguments:
jvm_args: --module-path=C:\Users\paras\.m2\repository\org\openjfx\javafx-base\17.0.2\javafx-base-17.0.2-win.jar;C:\Users\paras\.m2\repository\org\openjfx\javafx-base\17.0.2\javafx-base-17.0.2.jar;C:\Users\paras\.m2\repository\org\openjfx\javafx-controls\17.0.2\javafx-controls-17.0.2-win.jar;C:\Users\paras\.m2\repository\org\openjfx\javafx-controls\17.0.2\javafx-controls-17.0.2.jar;C:\Users\paras\.m2\repository\org\openjfx\javafx-fxml\17.0.2\javafx-fxml-17.0.2-win.jar;C:\Users\paras\.m2\repository\org\openjfx\javafx-fxml\17.0.2\javafx-fxml-17.0.2.jar;C:\Users\paras\.m2\repository\org\openjfx\javafx-graphics\17.0.2\javafx-graphics-17.0.2-win.jar;C:\Users\paras\.m2\repository\org\openjfx\javafx-graphics\17.0.2\javafx-graphics-17.0.2.jar --add-modules=javafx.base,javafx.controls,javafx.fxml,javafx.graphics 
java_command: javaFx.Main
java_class_path (initial): C:\Users\paras\Desktop\ATL3\miniProjets\atlg3_60085\TuringMachine\target\classes;C:\Users\paras\.m2\repository\com\opencsv\opencsv\5.7.1\opencsv-5.7.1.jar;C:\Users\paras\.m2\repository\commons-beanutils\commons-beanutils\1.9.4\commons-beanutils-1.9.4.jar;C:\Users\paras\.m2\repository\commons-collections\commons-collections\3.2.2\commons-collections-3.2.2.jar;C:\Users\paras\.m2\repository\commons-logging\commons-logging\1.2\commons-logging-1.2.jar;C:\Users\paras\.m2\repository\org\apache\commons\commons-collections4\4.4\commons-collections4-4.4.jar;C:\Users\paras\.m2\repository\org\apache\commons\commons-lang3\3.12.0\commons-lang3-3.12.0.jar;C:\Users\paras\.m2\repository\org\apache\commons\commons-text\1.10.0\commons-text-1.10.0.jar;C:\Users\paras\.m2\repository\org\controlsfx\controlsfx\11.1.1\controlsfx-11.1.1.jar
Launcher Type: SUN_STANDARD

[Global flags]
     intx CICompilerCount                          = 4                                         {product} {ergonomic}
     uint ConcGCThreads                            = 2                                         {product} {ergonomic}
     uint G1ConcRefinementThreads                  = 8                                         {product} {ergonomic}
   size_t G1HeapRegionSize                         = 1048576                                   {product} {ergonomic}
    uintx GCDrainStackTargetSize                   = 64                                        {product} {ergonomic}
   size_t InitialHeapSize                          = 130023424                                 {product} {ergonomic}
   size_t MarkStackSize                            = 4194304                                   {product} {ergonomic}
   size_t MaxHeapSize                              = 2063597568                                {product} {ergonomic}
   size_t MinHeapDeltaBytes                        = 1048576                                   {product} {ergonomic}
   size_t MinHeapSize                              = 8388608                                   {product} {ergonomic}
    uintx NonNMethodCodeHeapSize                   = 5839372                                {pd product} {ergonomic}
    uintx NonProfiledCodeHeapSize                  = 122909434                              {pd product} {ergonomic}
    uintx ProfiledCodeHeapSize                     = 122909434                              {pd product} {ergonomic}
    uintx ReservedCodeCacheSize                    = 251658240                              {pd product} {ergonomic}
     bool SegmentedCodeCache                       = true                                      {product} {ergonomic}
   size_t SoftMaxHeapSize                          = 2063597568                             {manageable} {ergonomic}
     bool UseCompressedClassPointers               = true                           {product lp64_product} {ergonomic}
     bool UseCompressedOops                        = true                           {product lp64_product} {ergonomic}
     bool UseG1GC                                  = true                                      {product} {ergonomic}
     bool UseLargePagesIndividualAllocation        = false                                  {pd product} {ergonomic}

Logging:
Log output configuration:
 #0: stdout all=warning uptime,level,tags foldmultilines=false
 #1: stderr all=off uptime,level,tags foldmultilines=false

Environment Variables:
PATH=C:\Program Files\Common Files\Oracle\Java\javapath;C:\Program Files (x86)\Common Files\Oracle\Java\javapath;C:\WINDOWS\system32;C:\WINDOWS;C:\WINDOWS\System32\Wbem;C:\WINDOWS\System32\WindowsPowerShell\v1.0\;C:\WINDOWS\System32\OpenSSH\;C:\Program Files\Git\cmd;C:\Program Files (x86)\PuTTY\;C:\Program Files\VSCodium\bin;C:\Program Files\nodejs\;C:\Users\paras\AppData\Local\Programs\Python\Python310\Scripts\;C:\Users\paras\AppData\Local\Programs\Python\Python310\;C:\Users\paras\AppData\Local\Microsoft\WindowsApps;;C:\informatique\Microsoft VS Code\bin;C:\Users\paras\AppData\Roaming\npm
USERNAME=paras
OS=Windows_NT
PROCESSOR_IDENTIFIER=Intel64 Family 6 Model 140 Stepping 1, GenuineIntel



---------------  S Y S T E M  ---------------

OS:
 Windows 11 , 64 bit Build 22621 (10.0.22621.2506)
OS uptime: 0 days 23:30 hours

CPU: total 8 (initial active 8) (4 cores per cpu, 2 threads per core) family 6 model 140 stepping 1 microcode 0x86, cx8, cmov, fxsr, ht, mmx, 3dnowpref, sse, sse2, sse3, ssse3, sse4.1, sse4.2, popcnt, lzcnt, tsc, tscinvbit, avx, avx2, aes, erms, clmul, bmi1, bmi2, adx, avx512f, avx512dq, avx512cd, avx512bw, avx512vl, sha, fma, vzeroupper, avx512_vpopcntdq, avx512_vpclmulqdq, avx512_vaes, avx512_vnni, clflush, clflushopt, clwb, avx512_vbmi2, avx512_vbmi

Memory: 4k page, system-wide physical 7871M (420M free)
TotalPageFile size 32447M (AvailPageFile size 18M)
current process WorkingSet (physical memory assigned to process): 10M, peak: 10M
current process commit charge ("private bytes"): 14M, peak: 15M

vm_info: Java HotSpot(TM) 64-Bit Server VM (18.0.2.1+1-1) for windows-amd64 JRE (18.0.2.1+1-1), built on Aug 16 2022 01:46:33 by "mach5one" with MS VC++ 16.8 / 16.9 (VS2019)

END.
